2025-11-15 08:34:25 | INFO | 开始训练
2025-11-15 08:34:25 | INFO |   arch: cnn_v1
2025-11-15 08:34:25 | INFO |   data_dir: dataset
2025-11-15 08:34:25 | INFO |   batch_size: 512
2025-11-15 08:34:25 | INFO |   epochs: 120
2025-11-15 08:34:25 | INFO | 启动 CNN-V1 训练流程
2025-11-15 08:34:25 | INFO | 猫狗分类 - CNN v1 训练
2025-11-15 08:34:25 | INFO | 运行环境
2025-11-15 08:34:25 | INFO |   计算设备: CUDA
2025-11-15 08:34:25 | INFO |   GPU型号: NVIDIA GeForce RTX 3090
2025-11-15 08:34:25 | INFO |   GPU内存: 23.7 GB
2025-11-15 08:34:25 | INFO |   混合精度(AMP): 启用
2025-11-15 08:34:25 | INFO | 
正在加载数据集...
2025-11-15 08:34:25 | INFO | 数据集信息
2025-11-15 08:34:25 | INFO |   训练样本数: 8,000 (88.9%)
2025-11-15 08:34:25 | INFO |   验证样本数: 1,000 (11.1%)
2025-11-15 08:34:25 | INFO |   测试样本数: 1,000
2025-11-15 08:34:25 | INFO |   类别数量: 2 (cats, dogs)
2025-11-15 08:34:25 | INFO |   每轮步数: 15
2025-11-15 08:34:25 | INFO | 模型配置
2025-11-15 08:34:25 | INFO |   模型架构: CatDogCNNv1
2025-11-15 08:34:25 | INFO |   参数总量: 110,337
2025-11-15 08:34:25 | INFO |   可训练参数: 110,337
2025-11-15 08:34:25 | INFO |   图像尺寸: 224x224
2025-11-15 08:34:25 | INFO |   Dropout: 0.0
2025-11-15 08:34:25 | INFO |   标准化: 默认[0,1]
2025-11-15 08:34:25 | INFO |   数据增强: 禁用
2025-11-15 08:34:25 | INFO | 
计算数据集类别分布...
2025-11-15 08:34:28 | INFO | 训练配置
2025-11-15 08:34:28 | INFO |   训练轮数: 120
2025-11-15 08:34:28 | INFO |   批次大小: 512
2025-11-15 08:34:28 | INFO |   优化器: ADAM
2025-11-15 08:34:28 | INFO |   初始学习率: 0.001
2025-11-15 08:34:28 | INFO |   权重衰减: 0.0001
2025-11-15 08:34:28 | INFO |   学习率调度: cosine
2025-11-15 08:34:28 | INFO |   早停耐心值: 10
2025-11-15 08:34:28 | INFO |   早停评估指标: accuracy
2025-11-15 08:34:28 | INFO |   工作进程数: 16
2025-11-15 08:34:28 | INFO |   类别权重: cats=1.00, dogs=1.00
2025-11-15 08:34:28 | INFO | 
TensorBoard日志目录: runs/torch_cnn-v1_20251115-083425/events
2025-11-15 08:34:28 | INFO | 模型保存目录: runs/torch_cnn-v1_20251115-083425
2025-11-15 08:34:28 | INFO | 训练日志: runs/torch_cnn-v1_20251115-083425/cnn_v1.log
2025-11-15 08:34:29 | INFO | 开始训练
2025-11-15 08:34:38 | INFO | Epoch   1/120 | 耗时: 8秒 | ETA: 16.8分钟
2025-11-15 08:34:38 | INFO |    训练 - Loss: 0.6483 | Acc: 60.72% | Prec: 0.617 | Rec: 0.563 | F1: 0.589
2025-11-15 08:34:38 | INFO |    验证 - Loss: 0.7811 | Acc: 50.00% | Prec: 0.000 | Rec: 0.000 | F1: 0.000 [最佳]
2025-11-15 08:34:38 | INFO |    学习率: 0.001000 -> 0.001000
2025-11-15 08:34:45 | INFO | Epoch   2/120 | 耗时: 6秒 | ETA: 15.0分钟
2025-11-15 08:34:45 | INFO |    训练 - Loss: 0.6177 | Acc: 64.39% | Prec: 0.653 | Rec: 0.616 | F1: 0.634
2025-11-15 08:34:45 | INFO |    验证 - Loss: 1.0690 | Acc: 50.00% | Prec: 0.000 | Rec: 0.000 | F1: 0.000 
2025-11-15 08:34:45 | INFO |    学习率: 0.001000 -> 0.000999
2025-11-15 08:34:51 | INFO | Epoch   3/120 | 耗时: 6秒 | ETA: 14.4分钟
2025-11-15 08:34:51 | INFO |    训练 - Loss: 0.5906 | Acc: 67.60% | Prec: 0.689 | Rec: 0.642 | F1: 0.664
2025-11-15 08:34:51 | INFO |    验证 - Loss: 1.1829 | Acc: 50.00% | Prec: 0.000 | Rec: 0.000 | F1: 0.000 
2025-11-15 08:34:51 | INFO |    学习率: 0.000999 -> 0.000998
2025-11-15 08:34:58 | INFO | Epoch   4/120 | 耗时: 6秒 | ETA: 13.9分钟
2025-11-15 08:34:58 | INFO |    训练 - Loss: 0.5690 | Acc: 69.71% | Prec: 0.707 | Rec: 0.673 | F1: 0.690
2025-11-15 08:34:58 | INFO |    验证 - Loss: 1.0879 | Acc: 51.30% | Prec: 0.933 | Rec: 0.028 | F1: 0.054 [最佳]
2025-11-15 08:34:58 | INFO |    学习率: 0.000998 -> 0.000997
2025-11-15 08:35:05 | INFO | Epoch   5/120 | 耗时: 6秒 | ETA: 13.6分钟
2025-11-15 08:35:05 | INFO |    训练 - Loss: 0.5430 | Acc: 72.54% | Prec: 0.742 | Rec: 0.693 | F1: 0.717
2025-11-15 08:35:05 | INFO |    验证 - Loss: 0.8935 | Acc: 55.30% | Prec: 0.908 | Rec: 0.118 | F1: 0.209 [最佳]
2025-11-15 08:35:05 | INFO |    学习率: 0.000997 -> 0.000996
2025-11-15 08:35:11 | INFO | Epoch   6/120 | 耗时: 6秒 | ETA: 13.4分钟
2025-11-15 08:35:11 | INFO |    训练 - Loss: 0.5253 | Acc: 73.24% | Prec: 0.755 | Rec: 0.689 | F1: 0.720
2025-11-15 08:35:11 | INFO |    验证 - Loss: 0.6177 | Acc: 67.70% | Prec: 0.800 | Rec: 0.472 | F1: 0.594 [最佳]
2025-11-15 08:35:11 | INFO |    学习率: 0.000996 -> 0.000994
2025-11-15 08:35:18 | INFO | Epoch   7/120 | 耗时: 6秒 | ETA: 13.2分钟
2025-11-15 08:35:18 | INFO |    训练 - Loss: 0.5161 | Acc: 74.04% | Prec: 0.750 | Rec: 0.722 | F1: 0.736
2025-11-15 08:35:18 | INFO |    验证 - Loss: 0.5994 | Acc: 67.80% | Prec: 0.633 | Rec: 0.848 | F1: 0.725 [最佳]
2025-11-15 08:35:18 | INFO |    学习率: 0.000994 -> 0.000992
2025-11-15 08:35:25 | INFO | Epoch   8/120 | 耗时: 6秒 | ETA: 13.0分钟
2025-11-15 08:35:25 | INFO |    训练 - Loss: 0.5105 | Acc: 74.23% | Prec: 0.755 | Rec: 0.720 | F1: 0.737
2025-11-15 08:35:25 | INFO |    验证 - Loss: 0.5799 | Acc: 70.80% | Prec: 0.833 | Rec: 0.520 | F1: 0.640 [最佳]
2025-11-15 08:35:25 | INFO |    学习率: 0.000992 -> 0.000989
2025-11-15 08:35:32 | INFO | Epoch   9/120 | 耗时: 6秒 | ETA: 12.9分钟
2025-11-15 08:35:32 | INFO |    训练 - Loss: 0.4969 | Acc: 75.49% | Prec: 0.770 | Rec: 0.727 | F1: 0.748
2025-11-15 08:35:32 | INFO |    验证 - Loss: 0.5524 | Acc: 72.30% | Prec: 0.678 | Rec: 0.850 | F1: 0.754 [最佳]
2025-11-15 08:35:32 | INFO |    学习率: 0.000989 -> 0.000986
2025-11-15 08:35:40 | INFO | Epoch  10/120 | 耗时: 8秒 | ETA: 13.0分钟
2025-11-15 08:35:40 | INFO |    训练 - Loss: 0.4946 | Acc: 75.62% | Prec: 0.775 | Rec: 0.718 | F1: 0.746
2025-11-15 08:35:40 | INFO |    验证 - Loss: 0.5523 | Acc: 73.20% | Prec: 0.720 | Rec: 0.760 | F1: 0.739 [最佳]
2025-11-15 08:35:40 | INFO |    学习率: 0.000986 -> 0.000983
2025-11-15 08:35:47 | INFO | Epoch  11/120 | 耗时: 6秒 | ETA: 12.8分钟
2025-11-15 08:35:47 | INFO |    训练 - Loss: 0.5011 | Acc: 75.29% | Prec: 0.763 | Rec: 0.733 | F1: 0.748
2025-11-15 08:35:47 | INFO |    验证 - Loss: 0.5771 | Acc: 68.90% | Prec: 0.650 | Rec: 0.820 | F1: 0.725 
2025-11-15 08:35:47 | INFO |    学习率: 0.000983 -> 0.000979
2025-11-15 08:35:54 | INFO | Epoch  12/120 | 耗时: 6秒 | ETA: 12.6分钟
2025-11-15 08:35:54 | INFO |    训练 - Loss: 0.4814 | Acc: 76.48% | Prec: 0.777 | Rec: 0.743 | F1: 0.760
2025-11-15 08:35:54 | INFO |    验证 - Loss: 0.5276 | Acc: 74.20% | Prec: 0.747 | Rec: 0.732 | F1: 0.739 [最佳]
2025-11-15 08:35:54 | INFO |    学习率: 0.000979 -> 0.000976
2025-11-15 08:36:00 | INFO | Epoch  13/120 | 耗时: 6秒 | ETA: 12.5分钟
2025-11-15 08:36:00 | INFO |    训练 - Loss: 0.4751 | Acc: 77.41% | Prec: 0.789 | Rec: 0.749 | F1: 0.768
2025-11-15 08:36:00 | INFO |    验证 - Loss: 0.6046 | Acc: 65.70% | Prec: 0.602 | Rec: 0.928 | F1: 0.730 
2025-11-15 08:36:00 | INFO |    学习率: 0.000976 -> 0.000971
2025-11-15 08:36:07 | INFO | Epoch  14/120 | 耗时: 6秒 | ETA: 12.3分钟
2025-11-15 08:36:07 | INFO |    训练 - Loss: 0.4667 | Acc: 77.66% | Prec: 0.783 | Rec: 0.766 | F1: 0.774
2025-11-15 08:36:07 | INFO |    验证 - Loss: 0.5812 | Acc: 70.90% | Prec: 0.820 | Rec: 0.536 | F1: 0.648 
2025-11-15 08:36:07 | INFO |    学习率: 0.000971 -> 0.000967
2025-11-15 08:36:14 | INFO | Epoch  15/120 | 耗时: 6秒 | ETA: 12.2分钟
2025-11-15 08:36:14 | INFO |    训练 - Loss: 0.4531 | Acc: 78.45% | Prec: 0.802 | Rec: 0.756 | F1: 0.778
2025-11-15 08:36:14 | INFO |    验证 - Loss: 0.5748 | Acc: 69.80% | Prec: 0.638 | Rec: 0.914 | F1: 0.752 
2025-11-15 08:36:14 | INFO |    学习率: 0.000967 -> 0.000962
2025-11-15 08:36:21 | INFO | Epoch  16/120 | 耗时: 6秒 | ETA: 12.1分钟
2025-11-15 08:36:21 | INFO |    训练 - Loss: 0.4458 | Acc: 78.98% | Prec: 0.795 | Rec: 0.779 | F1: 0.787
2025-11-15 08:36:21 | INFO |    验证 - Loss: 0.5724 | Acc: 73.20% | Prec: 0.682 | Rec: 0.868 | F1: 0.764 
2025-11-15 08:36:21 | INFO |    学习率: 0.000962 -> 0.000957
2025-11-15 08:36:27 | INFO | Epoch  17/120 | 耗时: 6秒 | ETA: 11.9分钟
2025-11-15 08:36:27 | INFO |    训练 - Loss: 0.4347 | Acc: 79.41% | Prec: 0.808 | Rec: 0.772 | F1: 0.790
2025-11-15 08:36:27 | INFO |    验证 - Loss: 0.5999 | Acc: 74.10% | Prec: 0.869 | Rec: 0.568 | F1: 0.687 
2025-11-15 08:36:27 | INFO |    学习率: 0.000957 -> 0.000951
2025-11-15 08:36:34 | INFO | Epoch  18/120 | 耗时: 6秒 | ETA: 11.8分钟
2025-11-15 08:36:34 | INFO |    训练 - Loss: 0.4297 | Acc: 79.69% | Prec: 0.802 | Rec: 0.786 | F1: 0.794
2025-11-15 08:36:34 | INFO |    验证 - Loss: 0.5050 | Acc: 76.00% | Prec: 0.764 | Rec: 0.752 | F1: 0.758 [最佳]
2025-11-15 08:36:34 | INFO |    学习率: 0.000951 -> 0.000946
2025-11-15 08:36:41 | INFO | Epoch  19/120 | 耗时: 6秒 | ETA: 11.6分钟
2025-11-15 08:36:41 | INFO |    训练 - Loss: 0.4321 | Acc: 79.79% | Prec: 0.815 | Rec: 0.771 | F1: 0.793
2025-11-15 08:36:41 | INFO |    验证 - Loss: 0.5143 | Acc: 75.50% | Prec: 0.784 | Rec: 0.704 | F1: 0.742 
2025-11-15 08:36:41 | INFO |    学习率: 0.000946 -> 0.000939
2025-11-15 08:36:49 | INFO | Epoch  20/120 | 耗时: 8秒 | ETA: 11.7分钟
2025-11-15 08:36:49 | INFO |    训练 - Loss: 0.4074 | Acc: 81.03% | Prec: 0.821 | Rec: 0.794 | F1: 0.807
2025-11-15 08:36:49 | INFO |    验证 - Loss: 0.4946 | Acc: 77.70% | Prec: 0.770 | Rec: 0.790 | F1: 0.780 [最佳]
2025-11-15 08:36:49 | INFO |    学习率: 0.000939 -> 0.000933
2025-11-15 08:36:56 | INFO | Epoch  21/120 | 耗时: 6秒 | ETA: 11.5分钟
2025-11-15 08:36:56 | INFO |    训练 - Loss: 0.4035 | Acc: 81.73% | Prec: 0.833 | Rec: 0.794 | F1: 0.813
2025-11-15 08:36:56 | INFO |    验证 - Loss: 0.5100 | Acc: 75.10% | Prec: 0.707 | Rec: 0.856 | F1: 0.775 
2025-11-15 08:36:56 | INFO |    学习率: 0.000933 -> 0.000926
2025-11-15 08:37:03 | INFO | Epoch  22/120 | 耗时: 6秒 | ETA: 11.4分钟
2025-11-15 08:37:03 | INFO |    训练 - Loss: 0.3866 | Acc: 82.66% | Prec: 0.825 | Rec: 0.827 | F1: 0.826
2025-11-15 08:37:03 | INFO |    验证 - Loss: 0.4916 | Acc: 76.60% | Prec: 0.804 | Rec: 0.704 | F1: 0.751 
2025-11-15 08:37:03 | INFO |    学习率: 0.000926 -> 0.000919
2025-11-15 08:37:09 | INFO | Epoch  23/120 | 耗时: 6秒 | ETA: 11.3分钟
2025-11-15 08:37:09 | INFO |    训练 - Loss: 0.3717 | Acc: 83.35% | Prec: 0.840 | Rec: 0.825 | F1: 0.832
2025-11-15 08:37:09 | INFO |    验证 - Loss: 0.5000 | Acc: 75.70% | Prec: 0.705 | Rec: 0.884 | F1: 0.784 
2025-11-15 08:37:09 | INFO |    学习率: 0.000919 -> 0.000912
2025-11-15 08:37:16 | INFO | Epoch  24/120 | 耗时: 6秒 | ETA: 11.1分钟
2025-11-15 08:37:16 | INFO |    训练 - Loss: 0.3538 | Acc: 84.62% | Prec: 0.850 | Rec: 0.841 | F1: 0.846
2025-11-15 08:37:16 | INFO |    验证 - Loss: 0.4615 | Acc: 79.70% | Prec: 0.782 | Rec: 0.824 | F1: 0.802 [最佳]
2025-11-15 08:37:16 | INFO |    学习率: 0.000912 -> 0.000905
2025-11-15 08:37:23 | INFO | Epoch  25/120 | 耗时: 6秒 | ETA: 11.0分钟
2025-11-15 08:37:23 | INFO |    训练 - Loss: 0.3421 | Acc: 85.01% | Prec: 0.860 | Rec: 0.838 | F1: 0.849
2025-11-15 08:37:23 | INFO |    验证 - Loss: 0.4641 | Acc: 78.30% | Prec: 0.747 | Rec: 0.856 | F1: 0.798 
2025-11-15 08:37:23 | INFO |    学习率: 0.000905 -> 0.000897
2025-11-15 08:37:30 | INFO | Epoch  26/120 | 耗时: 6秒 | ETA: 10.9分钟
2025-11-15 08:37:30 | INFO |    训练 - Loss: 0.3404 | Acc: 84.67% | Prec: 0.852 | Rec: 0.837 | F1: 0.845
2025-11-15 08:37:30 | INFO |    验证 - Loss: 0.5217 | Acc: 76.70% | Prec: 0.721 | Rec: 0.870 | F1: 0.789 
2025-11-15 08:37:30 | INFO |    学习率: 0.000897 -> 0.000889
2025-11-15 08:37:36 | INFO | Epoch  27/120 | 耗时: 6秒 | ETA: 10.7分钟
2025-11-15 08:37:36 | INFO |    训练 - Loss: 0.3235 | Acc: 86.07% | Prec: 0.868 | Rec: 0.852 | F1: 0.860
2025-11-15 08:37:36 | INFO |    验证 - Loss: 0.6297 | Acc: 76.30% | Prec: 0.845 | Rec: 0.644 | F1: 0.731 
2025-11-15 08:37:36 | INFO |    学习率: 0.000889 -> 0.000880
2025-11-15 08:37:43 | INFO | Epoch  28/120 | 耗时: 6秒 | ETA: 10.6分钟
2025-11-15 08:37:43 | INFO |    训练 - Loss: 0.3026 | Acc: 87.43% | Prec: 0.880 | Rec: 0.866 | F1: 0.873
2025-11-15 08:37:43 | INFO |    验证 - Loss: 0.4450 | Acc: 80.50% | Prec: 0.820 | Rec: 0.782 | F1: 0.800 [最佳]
2025-11-15 08:37:43 | INFO |    学习率: 0.000880 -> 0.000872
2025-11-15 08:37:50 | INFO | Epoch  29/120 | 耗时: 6秒 | ETA: 10.5分钟
2025-11-15 08:37:50 | INFO |    训练 - Loss: 0.2965 | Acc: 86.88% | Prec: 0.872 | Rec: 0.864 | F1: 0.868
2025-11-15 08:37:50 | INFO |    验证 - Loss: 0.4563 | Acc: 81.20% | Prec: 0.794 | Rec: 0.842 | F1: 0.817 [最佳]
2025-11-15 08:37:50 | INFO |    学习率: 0.000872 -> 0.000863
2025-11-15 08:37:58 | INFO | Epoch  30/120 | 耗时: 8秒 | ETA: 10.4分钟
2025-11-15 08:37:58 | INFO |    训练 - Loss: 0.2772 | Acc: 88.46% | Prec: 0.887 | Rec: 0.880 | F1: 0.884
2025-11-15 08:37:58 | INFO |    验证 - Loss: 0.5579 | Acc: 76.50% | Prec: 0.905 | Rec: 0.592 | F1: 0.716 
2025-11-15 08:37:58 | INFO |    学习率: 0.000863 -> 0.000854
2025-11-15 08:38:05 | INFO | Epoch  31/120 | 耗时: 6秒 | ETA: 10.3分钟
2025-11-15 08:38:05 | INFO |    训练 - Loss: 0.2594 | Acc: 89.64% | Prec: 0.898 | Rec: 0.894 | F1: 0.896
2025-11-15 08:38:05 | INFO |    验证 - Loss: 0.4570 | Acc: 81.50% | Prec: 0.786 | Rec: 0.866 | F1: 0.824 [最佳]
2025-11-15 08:38:05 | INFO |    学习率: 0.000854 -> 0.000844
2025-11-15 08:38:12 | INFO | Epoch  32/120 | 耗时: 6秒 | ETA: 10.2分钟
2025-11-15 08:38:12 | INFO |    训练 - Loss: 0.2364 | Acc: 90.60% | Prec: 0.913 | Rec: 0.897 | F1: 0.905
2025-11-15 08:38:12 | INFO |    验证 - Loss: 0.4681 | Acc: 81.40% | Prec: 0.785 | Rec: 0.864 | F1: 0.823 
2025-11-15 08:38:12 | INFO |    学习率: 0.000844 -> 0.000835
2025-11-15 08:38:18 | INFO | Epoch  33/120 | 耗时: 6秒 | ETA: 10.1分钟
2025-11-15 08:38:18 | INFO |    训练 - Loss: 0.2213 | Acc: 91.38% | Prec: 0.911 | Rec: 0.917 | F1: 0.914
2025-11-15 08:38:18 | INFO |    验证 - Loss: 0.4246 | Acc: 82.00% | Prec: 0.776 | Rec: 0.900 | F1: 0.833 [最佳]
2025-11-15 08:38:18 | INFO |    学习率: 0.000835 -> 0.000825
2025-11-15 08:38:25 | INFO | Epoch  34/120 | 耗时: 6秒 | ETA: 9.9分钟
2025-11-15 08:38:25 | INFO |    训练 - Loss: 0.2070 | Acc: 91.84% | Prec: 0.922 | Rec: 0.913 | F1: 0.918
2025-11-15 08:38:25 | INFO |    验证 - Loss: 0.7296 | Acc: 72.00% | Prec: 0.893 | Rec: 0.500 | F1: 0.641 
2025-11-15 08:38:25 | INFO |    学习率: 0.000825 -> 0.000815
2025-11-15 08:38:32 | INFO | Epoch  35/120 | 耗时: 6秒 | ETA: 9.8分钟
2025-11-15 08:38:32 | INFO |    训练 - Loss: 0.1974 | Acc: 92.30% | Prec: 0.919 | Rec: 0.928 | F1: 0.923
2025-11-15 08:38:32 | INFO |    验证 - Loss: 0.7207 | Acc: 74.80% | Prec: 0.916 | Rec: 0.546 | F1: 0.684 
2025-11-15 08:38:32 | INFO |    学习率: 0.000815 -> 0.000804
2025-11-15 08:38:39 | INFO | Epoch  36/120 | 耗时: 6秒 | ETA: 9.7分钟
2025-11-15 08:38:39 | INFO |    训练 - Loss: 0.1837 | Acc: 92.81% | Prec: 0.935 | Rec: 0.920 | F1: 0.928
2025-11-15 08:38:39 | INFO |    验证 - Loss: 0.4205 | Acc: 81.90% | Prec: 0.787 | Rec: 0.874 | F1: 0.828 
2025-11-15 08:38:39 | INFO |    学习率: 0.000804 -> 0.000794
2025-11-15 08:38:45 | INFO | Epoch  37/120 | 耗时: 6秒 | ETA: 9.6分钟
2025-11-15 08:38:45 | INFO |    训练 - Loss: 0.1694 | Acc: 93.97% | Prec: 0.940 | Rec: 0.939 | F1: 0.940
2025-11-15 08:38:45 | INFO |    验证 - Loss: 0.4636 | Acc: 82.00% | Prec: 0.898 | Rec: 0.722 | F1: 0.800 
2025-11-15 08:38:45 | INFO |    学习率: 0.000794 -> 0.000783
2025-11-15 08:38:52 | INFO | Epoch  38/120 | 耗时: 6秒 | ETA: 9.4分钟
2025-11-15 08:38:52 | INFO |    训练 - Loss: 0.1587 | Acc: 94.09% | Prec: 0.944 | Rec: 0.937 | F1: 0.940
2025-11-15 08:38:52 | INFO |    验证 - Loss: 0.4574 | Acc: 81.90% | Prec: 0.881 | Rec: 0.738 | F1: 0.803 
2025-11-15 08:38:52 | INFO |    学习率: 0.000783 -> 0.000772
2025-11-15 08:38:59 | INFO | Epoch  39/120 | 耗时: 6秒 | ETA: 9.3分钟
2025-11-15 08:38:59 | INFO |    训练 - Loss: 0.1384 | Acc: 95.27% | Prec: 0.954 | Rec: 0.952 | F1: 0.953
2025-11-15 08:38:59 | INFO |    验证 - Loss: 0.5479 | Acc: 79.20% | Prec: 0.725 | Rec: 0.940 | F1: 0.819 
2025-11-15 08:38:59 | INFO |    学习率: 0.000772 -> 0.000761
2025-11-15 08:39:07 | INFO | Epoch  40/120 | 耗时: 8秒 | ETA: 9.3分钟
2025-11-15 08:39:07 | INFO |    训练 - Loss: 0.1297 | Acc: 95.74% | Prec: 0.961 | Rec: 0.953 | F1: 0.957
2025-11-15 08:39:07 | INFO |    验证 - Loss: 0.5715 | Acc: 80.80% | Prec: 0.895 | Rec: 0.698 | F1: 0.784 
2025-11-15 08:39:07 | INFO |    学习率: 0.000761 -> 0.000750
2025-11-15 08:39:14 | INFO | Epoch  41/120 | 耗时: 6秒 | ETA: 9.1分钟
2025-11-15 08:39:14 | INFO |    训练 - Loss: 0.1137 | Acc: 96.68% | Prec: 0.966 | Rec: 0.968 | F1: 0.967
2025-11-15 08:39:14 | INFO |    验证 - Loss: 0.4210 | Acc: 83.40% | Prec: 0.815 | Rec: 0.864 | F1: 0.839 [最佳]
2025-11-15 08:39:14 | INFO |    学习率: 0.000750 -> 0.000739
2025-11-15 08:39:21 | INFO | Epoch  42/120 | 耗时: 6秒 | ETA: 9.0分钟
2025-11-15 08:39:21 | INFO |    训练 - Loss: 0.1070 | Acc: 96.48% | Prec: 0.967 | Rec: 0.962 | F1: 0.965
2025-11-15 08:39:21 | INFO |    验证 - Loss: 0.4098 | Acc: 84.80% | Prec: 0.880 | Rec: 0.806 | F1: 0.841 [最佳]
2025-11-15 08:39:21 | INFO |    学习率: 0.000739 -> 0.000727
2025-11-15 08:39:27 | INFO | Epoch  43/120 | 耗时: 6秒 | ETA: 8.9分钟
2025-11-15 08:39:27 | INFO |    训练 - Loss: 0.0997 | Acc: 97.30% | Prec: 0.977 | Rec: 0.969 | F1: 0.973
2025-11-15 08:39:27 | INFO |    验证 - Loss: 0.6264 | Acc: 77.20% | Prec: 0.698 | Rec: 0.958 | F1: 0.808 
2025-11-15 08:39:27 | INFO |    学习率: 0.000727 -> 0.000715
2025-11-15 08:39:34 | INFO | Epoch  44/120 | 耗时: 6秒 | ETA: 8.8分钟
2025-11-15 08:39:34 | INFO |    训练 - Loss: 0.0864 | Acc: 97.43% | Prec: 0.974 | Rec: 0.975 | F1: 0.974
2025-11-15 08:39:34 | INFO |    验证 - Loss: 0.4449 | Acc: 83.60% | Prec: 0.818 | Rec: 0.864 | F1: 0.840 
2025-11-15 08:39:34 | INFO |    学习率: 0.000715 -> 0.000703
2025-11-15 08:39:41 | INFO | Epoch  45/120 | 耗时: 6秒 | ETA: 8.7分钟
2025-11-15 08:39:41 | INFO |    训练 - Loss: 0.0769 | Acc: 98.23% | Prec: 0.986 | Rec: 0.979 | F1: 0.982
2025-11-15 08:39:41 | INFO |    验证 - Loss: 0.4342 | Acc: 85.40% | Prec: 0.864 | Rec: 0.840 | F1: 0.852 [最佳]
2025-11-15 08:39:41 | INFO |    学习率: 0.000703 -> 0.000691
2025-11-15 08:39:48 | INFO | Epoch  46/120 | 耗时: 6秒 | ETA: 8.5分钟
2025-11-15 08:39:48 | INFO |    训练 - Loss: 0.0721 | Acc: 98.22% | Prec: 0.982 | Rec: 0.983 | F1: 0.982
2025-11-15 08:39:48 | INFO |    验证 - Loss: 0.4917 | Acc: 82.70% | Prec: 0.906 | Rec: 0.730 | F1: 0.808 
2025-11-15 08:39:48 | INFO |    学习率: 0.000691 -> 0.000679
2025-11-15 08:39:54 | INFO | Epoch  47/120 | 耗时: 6秒 | ETA: 8.4分钟
2025-11-15 08:39:54 | INFO |    训练 - Loss: 0.0642 | Acc: 98.62% | Prec: 0.987 | Rec: 0.985 | F1: 0.986
2025-11-15 08:39:54 | INFO |    验证 - Loss: 0.6899 | Acc: 79.20% | Prec: 0.929 | Rec: 0.632 | F1: 0.752 
2025-11-15 08:39:54 | INFO |    学习率: 0.000679 -> 0.000667
2025-11-15 08:40:01 | INFO | Epoch  48/120 | 耗时: 6秒 | ETA: 8.3分钟
2025-11-15 08:40:01 | INFO |    训练 - Loss: 0.0526 | Acc: 99.10% | Prec: 0.991 | Rec: 0.991 | F1: 0.991
2025-11-15 08:40:01 | INFO |    验证 - Loss: 0.6018 | Acc: 81.30% | Prec: 0.915 | Rec: 0.690 | F1: 0.787 
2025-11-15 08:40:01 | INFO |    学习率: 0.000667 -> 0.000655
2025-11-15 08:40:08 | INFO | Epoch  49/120 | 耗时: 6秒 | ETA: 8.2分钟
2025-11-15 08:40:08 | INFO |    训练 - Loss: 0.0481 | Acc: 99.34% | Prec: 0.994 | Rec: 0.993 | F1: 0.993
2025-11-15 08:40:08 | INFO |    验证 - Loss: 0.5721 | Acc: 82.30% | Prec: 0.907 | Rec: 0.720 | F1: 0.803 
2025-11-15 08:40:08 | INFO |    学习率: 0.000655 -> 0.000642
2025-11-15 08:40:16 | INFO | Epoch  50/120 | 耗时: 8秒 | ETA: 8.1分钟
2025-11-15 08:40:16 | INFO |    训练 - Loss: 0.0397 | Acc: 99.43% | Prec: 0.995 | Rec: 0.993 | F1: 0.994
2025-11-15 08:40:16 | INFO |    验证 - Loss: 0.4655 | Acc: 85.40% | Prec: 0.842 | Rec: 0.872 | F1: 0.857 
2025-11-15 08:40:16 | INFO |    学习率: 0.000642 -> 0.000629
2025-11-15 08:40:23 | INFO | Epoch  51/120 | 耗时: 6秒 | ETA: 8.0分钟
2025-11-15 08:40:23 | INFO |    训练 - Loss: 0.0333 | Acc: 99.67% | Prec: 0.997 | Rec: 0.996 | F1: 0.997
2025-11-15 08:40:23 | INFO |    验证 - Loss: 0.4680 | Acc: 84.70% | Prec: 0.827 | Rec: 0.878 | F1: 0.852 
2025-11-15 08:40:23 | INFO |    学习率: 0.000629 -> 0.000617
2025-11-15 08:40:30 | INFO | Epoch  52/120 | 耗时: 6秒 | ETA: 7.9分钟
2025-11-15 08:40:30 | INFO |    训练 - Loss: 0.0298 | Acc: 99.80% | Prec: 0.999 | Rec: 0.997 | F1: 0.998
2025-11-15 08:40:30 | INFO |    验证 - Loss: 0.4237 | Acc: 85.60% | Prec: 0.842 | Rec: 0.876 | F1: 0.859 [最佳]
2025-11-15 08:40:30 | INFO |    学习率: 0.000617 -> 0.000604
2025-11-15 08:40:37 | INFO | Epoch  53/120 | 耗时: 6秒 | ETA: 7.7分钟
2025-11-15 08:40:37 | INFO |    训练 - Loss: 0.0278 | Acc: 99.82% | Prec: 0.998 | Rec: 0.998 | F1: 0.998
2025-11-15 08:40:37 | INFO |    验证 - Loss: 0.4837 | Acc: 83.60% | Prec: 0.867 | Rec: 0.794 | F1: 0.829 
2025-11-15 08:40:37 | INFO |    学习率: 0.000604 -> 0.000591
2025-11-15 08:40:43 | INFO | Epoch  54/120 | 耗时: 6秒 | ETA: 7.6分钟
2025-11-15 08:40:43 | INFO |    训练 - Loss: 0.0258 | Acc: 99.83% | Prec: 0.998 | Rec: 0.999 | F1: 0.998
2025-11-15 08:40:43 | INFO |    验证 - Loss: 0.5674 | Acc: 81.90% | Prec: 0.759 | Rec: 0.934 | F1: 0.838 
2025-11-15 08:40:43 | INFO |    学习率: 0.000591 -> 0.000578
2025-11-15 08:40:50 | INFO | Epoch  55/120 | 耗时: 6秒 | ETA: 7.5分钟
2025-11-15 08:40:50 | INFO |    训练 - Loss: 0.0238 | Acc: 99.84% | Prec: 0.999 | Rec: 0.997 | F1: 0.998
2025-11-15 08:40:50 | INFO |    验证 - Loss: 0.5515 | Acc: 83.90% | Prec: 0.903 | Rec: 0.760 | F1: 0.825 
2025-11-15 08:40:50 | INFO |    学习率: 0.000578 -> 0.000565
2025-11-15 08:40:57 | INFO | Epoch  56/120 | 耗时: 6秒 | ETA: 7.4分钟
2025-11-15 08:40:57 | INFO |    训练 - Loss: 0.0207 | Acc: 99.91% | Prec: 0.999 | Rec: 0.999 | F1: 0.999
2025-11-15 08:40:57 | INFO |    验证 - Loss: 0.5303 | Acc: 83.10% | Prec: 0.889 | Rec: 0.756 | F1: 0.817 
2025-11-15 08:40:57 | INFO |    学习率: 0.000565 -> 0.000552
2025-11-15 08:41:03 | INFO | Epoch  57/120 | 耗时: 6秒 | ETA: 7.3分钟
2025-11-15 08:41:03 | INFO |    训练 - Loss: 0.0193 | Acc: 99.92% | Prec: 0.999 | Rec: 0.999 | F1: 0.999
2025-11-15 08:41:03 | INFO |    验证 - Loss: 0.4602 | Acc: 85.20% | Prec: 0.873 | Rec: 0.824 | F1: 0.848 
2025-11-15 08:41:03 | INFO |    学习率: 0.000552 -> 0.000539
2025-11-15 08:41:10 | INFO | Epoch  58/120 | 耗时: 6秒 | ETA: 7.1分钟
2025-11-15 08:41:10 | INFO |    训练 - Loss: 0.0174 | Acc: 99.92% | Prec: 0.999 | Rec: 0.999 | F1: 0.999
2025-11-15 08:41:10 | INFO |    验证 - Loss: 0.5002 | Acc: 84.40% | Prec: 0.803 | Rec: 0.912 | F1: 0.854 
2025-11-15 08:41:10 | INFO |    学习率: 0.000539 -> 0.000526
2025-11-15 08:41:17 | INFO | Epoch  59/120 | 耗时: 6秒 | ETA: 7.0分钟
2025-11-15 08:41:17 | INFO |    训练 - Loss: 0.0160 | Acc: 99.96% | Prec: 1.000 | Rec: 0.999 | F1: 1.000
2025-11-15 08:41:17 | INFO |    验证 - Loss: 0.5571 | Acc: 83.20% | Prec: 0.911 | Rec: 0.736 | F1: 0.814 
2025-11-15 08:41:17 | INFO |    学习率: 0.000526 -> 0.000513
2025-11-15 08:41:25 | INFO | Epoch  60/120 | 耗时: 8秒 | ETA: 6.9分钟
2025-11-15 08:41:25 | INFO |    训练 - Loss: 0.0136 | Acc: 99.97% | Prec: 1.000 | Rec: 1.000 | F1: 1.000
2025-11-15 08:41:25 | INFO |    验证 - Loss: 0.4693 | Acc: 85.70% | Prec: 0.840 | Rec: 0.882 | F1: 0.860 [最佳]
2025-11-15 08:41:25 | INFO |    学习率: 0.000513 -> 0.000500
2025-11-15 08:41:32 | INFO | Epoch  61/120 | 耗时: 6秒 | ETA: 6.8分钟
2025-11-15 08:41:32 | INFO |    训练 - Loss: 0.0126 | Acc: 100.00% | Prec: 1.000 | Rec: 1.000 | F1: 1.000
2025-11-15 08:41:32 | INFO |    验证 - Loss: 0.4793 | Acc: 84.30% | Prec: 0.807 | Rec: 0.902 | F1: 0.852 
2025-11-15 08:41:32 | INFO |    学习率: 0.000500 -> 0.000487
2025-11-15 08:41:39 | INFO | Epoch  62/120 | 耗时: 6秒 | ETA: 6.7分钟
2025-11-15 08:41:39 | INFO |    训练 - Loss: 0.0113 | Acc: 99.99% | Prec: 1.000 | Rec: 1.000 | F1: 1.000
2025-11-15 08:41:39 | INFO |    验证 - Loss: 0.4463 | Acc: 85.60% | Prec: 0.835 | Rec: 0.888 | F1: 0.860 
2025-11-15 08:41:39 | INFO |    学习率: 0.000487 -> 0.000474
2025-11-15 08:41:45 | INFO | Epoch  63/120 | 耗时: 6秒 | ETA: 6.6分钟
2025-11-15 08:41:45 | INFO |    训练 - Loss: 0.0103 | Acc: 100.00% | Prec: 1.000 | Rec: 1.000 | F1: 1.000
2025-11-15 08:41:45 | INFO |    验证 - Loss: 0.4734 | Acc: 86.20% | Prec: 0.883 | Rec: 0.834 | F1: 0.858 [最佳]
2025-11-15 08:41:45 | INFO |    学习率: 0.000474 -> 0.000461
2025-11-15 08:41:52 | INFO | Epoch  64/120 | 耗时: 6秒 | ETA: 6.5分钟
2025-11-15 08:41:52 | INFO |    训练 - Loss: 0.0104 | Acc: 99.99% | Prec: 1.000 | Rec: 1.000 | F1: 1.000
2025-11-15 08:41:52 | INFO |    验证 - Loss: 0.4660 | Acc: 85.70% | Prec: 0.876 | Rec: 0.832 | F1: 0.853 
2025-11-15 08:41:52 | INFO |    学习率: 0.000461 -> 0.000448
2025-11-15 08:41:59 | INFO | Epoch  65/120 | 耗时: 6秒 | ETA: 6.3分钟
2025-11-15 08:41:59 | INFO |    训练 - Loss: 0.0094 | Acc: 100.00% | Prec: 1.000 | Rec: 1.000 | F1: 1.000
2025-11-15 08:41:59 | INFO |    验证 - Loss: 0.4596 | Acc: 85.90% | Prec: 0.855 | Rec: 0.864 | F1: 0.860 
2025-11-15 08:41:59 | INFO |    学习率: 0.000448 -> 0.000435
2025-11-15 08:42:06 | INFO | Epoch  66/120 | 耗时: 6秒 | ETA: 6.2分钟
2025-11-15 08:42:06 | INFO |    训练 - Loss: 0.0087 | Acc: 99.99% | Prec: 1.000 | Rec: 1.000 | F1: 1.000
2025-11-15 08:42:06 | INFO |    验证 - Loss: 0.5261 | Acc: 85.50% | Prec: 0.899 | Rec: 0.800 | F1: 0.847 
2025-11-15 08:42:06 | INFO |    学习率: 0.000435 -> 0.000422
2025-11-15 08:42:12 | INFO | Epoch  67/120 | 耗时: 6秒 | ETA: 6.1分钟
2025-11-15 08:42:12 | INFO |    训练 - Loss: 0.0080 | Acc: 100.00% | Prec: 1.000 | Rec: 1.000 | F1: 1.000
2025-11-15 08:42:12 | INFO |    验证 - Loss: 0.5018 | Acc: 85.70% | Prec: 0.887 | Rec: 0.818 | F1: 0.851 
2025-11-15 08:42:12 | INFO |    学习率: 0.000422 -> 0.000409
2025-11-15 08:42:19 | INFO | Epoch  68/120 | 耗时: 6秒 | ETA: 6.0分钟
2025-11-15 08:42:19 | INFO |    训练 - Loss: 0.0077 | Acc: 99.99% | Prec: 1.000 | Rec: 1.000 | F1: 1.000
2025-11-15 08:42:19 | INFO |    验证 - Loss: 0.4909 | Acc: 85.50% | Prec: 0.878 | Rec: 0.824 | F1: 0.850 
2025-11-15 08:42:19 | INFO |    学习率: 0.000409 -> 0.000396
2025-11-15 08:42:26 | INFO | Epoch  69/120 | 耗时: 6秒 | ETA: 5.9分钟
2025-11-15 08:42:26 | INFO |    训练 - Loss: 0.0072 | Acc: 100.00% | Prec: 1.000 | Rec: 1.000 | F1: 1.000
2025-11-15 08:42:26 | INFO |    验证 - Loss: 0.4757 | Acc: 85.20% | Prec: 0.870 | Rec: 0.828 | F1: 0.848 
2025-11-15 08:42:26 | INFO |    学习率: 0.000396 -> 0.000383
2025-11-15 08:42:35 | INFO | Epoch  70/120 | 耗时: 8秒 | ETA: 5.8分钟
2025-11-15 08:42:35 | INFO |    训练 - Loss: 0.0075 | Acc: 100.00% | Prec: 1.000 | Rec: 1.000 | F1: 1.000
2025-11-15 08:42:35 | INFO |    验证 - Loss: 0.4753 | Acc: 85.80% | Prec: 0.871 | Rec: 0.840 | F1: 0.855 
2025-11-15 08:42:35 | INFO |    学习率: 0.000383 -> 0.000371
2025-11-15 08:42:41 | INFO | Epoch  71/120 | 耗时: 6秒 | ETA: 5.7分钟
2025-11-15 08:42:41 | INFO |    训练 - Loss: 0.0073 | Acc: 100.00% | Prec: 1.000 | Rec: 1.000 | F1: 1.000
2025-11-15 08:42:41 | INFO |    验证 - Loss: 0.4587 | Acc: 85.30% | Prec: 0.857 | Rec: 0.848 | F1: 0.852 
2025-11-15 08:42:41 | INFO |    学习率: 0.000371 -> 0.000358
2025-11-15 08:42:48 | INFO | Epoch  72/120 | 耗时: 6秒 | ETA: 5.5分钟
2025-11-15 08:42:48 | INFO |    训练 - Loss: 0.0069 | Acc: 100.00% | Prec: 1.000 | Rec: 1.000 | F1: 1.000
2025-11-15 08:42:48 | INFO |    验证 - Loss: 0.4562 | Acc: 85.40% | Prec: 0.855 | Rec: 0.852 | F1: 0.854 
2025-11-15 08:42:48 | INFO |    学习率: 0.000358 -> 0.000345
2025-11-15 08:42:55 | INFO | Epoch  73/120 | 耗时: 6秒 | ETA: 5.4分钟
2025-11-15 08:42:55 | INFO |    训练 - Loss: 0.0066 | Acc: 100.00% | Prec: 1.000 | Rec: 1.000 | F1: 1.000
2025-11-15 08:42:55 | INFO |    验证 - Loss: 0.4688 | Acc: 85.60% | Prec: 0.842 | Rec: 0.876 | F1: 0.859 
2025-11-15 08:42:55 | INFO |    学习率: 0.000345 -> 0.000333
2025-11-15 08:42:55 | INFO | 
触发早停 (连续 10 轮 accuracy 无改善)
2025-11-15 08:42:55 | INFO | 训练完成
2025-11-15 08:42:55 | INFO | 训练总结
2025-11-15 08:42:55 | INFO |   总耗时: 8.4分钟
2025-11-15 08:42:55 | INFO |   平均每轮: 6秒
2025-11-15 08:42:55 | INFO |   完成轮数: 73/120
2025-11-15 08:42:55 | INFO |   最佳验证: Epoch 63 - ACCURACY: 0.8620, Loss: 0.4734, Acc: 86.20%
2025-11-15 08:42:55 | INFO | 
正在测试集上评估最佳模型...
2025-11-15 08:42:55 | INFO |    已加载最佳模型 (Epoch 63)
2025-11-15 08:42:56 | INFO | 测试结果
2025-11-15 08:42:56 | INFO |   测试样本数: 1,000
2025-11-15 08:42:56 | INFO |   测试损失: 0.3941
2025-11-15 08:42:56 | INFO |   测试准确率: 87.30%
2025-11-15 08:42:56 | INFO |   测试精确率: 0.885
2025-11-15 08:42:56 | INFO |   测试召回率: 0.858
2025-11-15 08:42:56 | INFO |   测试F1: 0.871
2025-11-15 08:42:56 | INFO | 
正在生成训练曲线可视化...
2025-11-15 08:42:57 | INFO |    训练曲线已保存到: runs/torch_cnn-v1_20251115-083425/figures
2025-11-15 08:42:57 | INFO | 
所有任务完成!
2025-11-15 08:42:57 | INFO |    最佳模型: runs/torch_cnn-v1_20251115-083425/best.pt
2025-11-15 08:42:57 | INFO |    最后模型: runs/torch_cnn-v1_20251115-083425/last.pt
2025-11-15 08:42:57 | INFO |    TensorBoard: tensorboard --logdir=runs/torch_cnn-v1_20251115-083425/events

2025-11-15 08:42:57 | INFO | 训练完成
2025-11-15 08:42:57 | INFO |   耗时: 8.5分钟
2025-11-15 08:42:57 | INFO |   最佳准确率: 0.8620
2025-11-15 08:42:57 | INFO |   运行目录: runs/torch_cnn-v1_20251115-083425
2025-11-15 08:42:57 | INFO | CNN-V1 训练流程完成
