2025-11-14 09:51:11 | INFO | 开始训练
2025-11-14 09:51:11 | INFO |   arch: cnn_v1
2025-11-14 09:51:11 | INFO |   data_dir: dataset
2025-11-14 09:51:11 | INFO |   batch_size: 512
2025-11-14 09:51:11 | INFO |   epochs: 120
2025-11-14 09:51:11 | INFO | 启动 CNN-V1 训练流程
2025-11-14 09:51:11 | INFO | 猫狗分类 - CNN v1 训练
2025-11-14 09:51:11 | INFO | 运行环境
2025-11-14 09:51:11 | INFO |   计算设备: CUDA
2025-11-14 09:51:11 | INFO |   GPU型号: NVIDIA GeForce RTX 3090
2025-11-14 09:51:11 | INFO |   GPU内存: 23.7 GB
2025-11-14 09:51:11 | INFO |   混合精度(AMP): 启用
2025-11-14 09:51:11 | INFO | 
正在加载数据集...
2025-11-14 09:51:11 | INFO | 数据集信息
2025-11-14 09:51:11 | INFO |   训练样本数: 8,000 (88.9%)
2025-11-14 09:51:11 | INFO |   验证样本数: 1,000 (11.1%)
2025-11-14 09:51:11 | INFO |   测试样本数: 1,000
2025-11-14 09:51:11 | INFO |   类别数量: 2 (cats, dogs)
2025-11-14 09:51:11 | INFO |   每轮步数: 15
2025-11-14 09:51:11 | INFO | 模型配置
2025-11-14 09:51:11 | INFO |   模型架构: CatDogCNNv1
2025-11-14 09:51:11 | INFO |   参数总量: 110,337
2025-11-14 09:51:11 | INFO |   可训练参数: 110,337
2025-11-14 09:51:11 | INFO |   图像尺寸: 224x224
2025-11-14 09:51:11 | INFO |   Dropout: 0.0
2025-11-14 09:51:11 | INFO |   标准化: 默认[0,1]
2025-11-14 09:51:11 | INFO |   数据增强: 启用
2025-11-14 09:51:11 | INFO | 
计算数据集类别分布...
2025-11-14 09:51:16 | INFO | 训练配置
2025-11-14 09:51:16 | INFO |   训练轮数: 120
2025-11-14 09:51:16 | INFO |   批次大小: 512
2025-11-14 09:51:16 | INFO |   优化器: ADAM
2025-11-14 09:51:16 | INFO |   初始学习率: 0.001
2025-11-14 09:51:16 | INFO |   权重衰减: 0.0001
2025-11-14 09:51:16 | INFO |   学习率调度: cosine
2025-11-14 09:51:16 | INFO |   早停耐心值: 10
2025-11-14 09:51:16 | INFO |   早停评估指标: accuracy
2025-11-14 09:51:16 | INFO |   工作进程数: 16
2025-11-14 09:51:16 | INFO |   类别权重: cats=1.00, dogs=1.00
2025-11-14 09:51:16 | INFO | 
TensorBoard日志目录: runs/torch_cnn-v1_20251114-095111/events
2025-11-14 09:51:16 | INFO | 模型保存目录: runs/torch_cnn-v1_20251114-095111
2025-11-14 09:51:16 | INFO | 训练日志: runs/torch_cnn-v1_20251114-095111/cnn_v1.log
2025-11-14 09:51:17 | INFO | 开始训练
2025-11-14 09:51:29 | INFO | Epoch   1/120 | 耗时: 11秒 | ETA: 23.7分钟
2025-11-14 09:51:29 | INFO |    训练 - Loss: 0.6645 | Acc: 59.18% | Prec: 0.597 | Rec: 0.564 | F1: 0.580
2025-11-14 09:51:29 | INFO |    验证 - Loss: 0.7560 | Acc: 50.00% | Prec: 0.000 | Rec: 0.000 | F1: 0.000 [最佳]
2025-11-14 09:51:29 | INFO |    学习率: 0.001000 -> 0.001000
2025-11-14 09:51:40 | INFO | Epoch   2/120 | 耗时: 10秒 | ETA: 21.9分钟
2025-11-14 09:51:40 | INFO |    训练 - Loss: 0.6408 | Acc: 62.27% | Prec: 0.623 | Rec: 0.623 | F1: 0.623
2025-11-14 09:51:40 | INFO |    验证 - Loss: 0.9577 | Acc: 50.00% | Prec: 0.000 | Rec: 0.000 | F1: 0.000 
2025-11-14 09:51:40 | INFO |    学习率: 0.001000 -> 0.000999
2025-11-14 09:51:51 | INFO | Epoch   3/120 | 耗时: 11秒 | ETA: 21.7分钟
2025-11-14 09:51:51 | INFO |    训练 - Loss: 0.6270 | Acc: 65.00% | Prec: 0.652 | Rec: 0.643 | F1: 0.647
2025-11-14 09:51:51 | INFO |    验证 - Loss: 0.8527 | Acc: 50.70% | Prec: 0.818 | Rec: 0.018 | F1: 0.035 [最佳]
2025-11-14 09:51:51 | INFO |    学习率: 0.000999 -> 0.000998
2025-11-14 09:52:01 | INFO | Epoch   4/120 | 耗时: 10秒 | ETA: 21.1分钟
2025-11-14 09:52:01 | INFO |    训练 - Loss: 0.6090 | Acc: 67.01% | Prec: 0.669 | Rec: 0.673 | F1: 0.671
2025-11-14 09:52:01 | INFO |    验证 - Loss: 0.6860 | Acc: 58.70% | Prec: 0.827 | Rec: 0.220 | F1: 0.348 [最佳]
2025-11-14 09:52:01 | INFO |    学习率: 0.000998 -> 0.000997
2025-11-14 09:52:13 | INFO | Epoch   5/120 | 耗时: 11秒 | ETA: 21.2分钟
2025-11-14 09:52:13 | INFO |    训练 - Loss: 0.5840 | Acc: 69.28% | Prec: 0.704 | Rec: 0.669 | F1: 0.686
2025-11-14 09:52:13 | INFO |    验证 - Loss: 0.6085 | Acc: 66.40% | Prec: 0.813 | Rec: 0.426 | F1: 0.559 [最佳]
2025-11-14 09:52:13 | INFO |    学习率: 0.000997 -> 0.000996
2025-11-14 09:52:23 | INFO | Epoch   6/120 | 耗时: 10秒 | ETA: 20.9分钟
2025-11-14 09:52:23 | INFO |    训练 - Loss: 0.5674 | Acc: 70.12% | Prec: 0.707 | Rec: 0.689 | F1: 0.698
2025-11-14 09:52:23 | INFO |    验证 - Loss: 0.5924 | Acc: 68.60% | Prec: 0.641 | Rec: 0.846 | F1: 0.729 [最佳]
2025-11-14 09:52:23 | INFO |    学习率: 0.000996 -> 0.000994
2025-11-14 09:52:34 | INFO | Epoch   7/120 | 耗时: 10秒 | ETA: 20.5分钟
2025-11-14 09:52:34 | INFO |    训练 - Loss: 0.5681 | Acc: 70.30% | Prec: 0.708 | Rec: 0.691 | F1: 0.699
2025-11-14 09:52:34 | INFO |    验证 - Loss: 0.5807 | Acc: 68.00% | Prec: 0.637 | Rec: 0.838 | F1: 0.724 
2025-11-14 09:52:34 | INFO |    学习率: 0.000994 -> 0.000992
2025-11-14 09:52:44 | INFO | Epoch   8/120 | 耗时: 10秒 | ETA: 20.2分钟
2025-11-14 09:52:44 | INFO |    训练 - Loss: 0.5597 | Acc: 71.52% | Prec: 0.722 | Rec: 0.702 | F1: 0.712
2025-11-14 09:52:44 | INFO |    验证 - Loss: 0.5705 | Acc: 69.10% | Prec: 0.665 | Rec: 0.770 | F1: 0.714 [最佳]
2025-11-14 09:52:44 | INFO |    学习率: 0.000992 -> 0.000989
2025-11-14 09:52:54 | INFO | Epoch   9/120 | 耗时: 10秒 | ETA: 20.0分钟
2025-11-14 09:52:54 | INFO |    训练 - Loss: 0.5431 | Acc: 72.86% | Prec: 0.735 | Rec: 0.714 | F1: 0.724
2025-11-14 09:52:54 | INFO |    验证 - Loss: 0.5438 | Acc: 72.70% | Prec: 0.780 | Rec: 0.632 | F1: 0.698 [最佳]
2025-11-14 09:52:54 | INFO |    学习率: 0.000989 -> 0.000986
2025-11-14 09:53:07 | INFO | Epoch  10/120 | 耗时: 12秒 | ETA: 20.1分钟
2025-11-14 09:53:07 | INFO |    训练 - Loss: 0.5418 | Acc: 72.75% | Prec: 0.741 | Rec: 0.694 | F1: 0.717
2025-11-14 09:53:07 | INFO |    验证 - Loss: 0.5450 | Acc: 72.30% | Prec: 0.705 | Rec: 0.768 | F1: 0.735 
2025-11-14 09:53:07 | INFO |    学习率: 0.000986 -> 0.000983
2025-11-14 09:53:17 | INFO | Epoch  11/120 | 耗时: 10秒 | ETA: 19.8分钟
2025-11-14 09:53:17 | INFO |    训练 - Loss: 0.5302 | Acc: 73.01% | Prec: 0.739 | Rec: 0.712 | F1: 0.725
2025-11-14 09:53:17 | INFO |    验证 - Loss: 0.5688 | Acc: 71.50% | Prec: 0.790 | Rec: 0.586 | F1: 0.673 
2025-11-14 09:53:17 | INFO |    学习率: 0.000983 -> 0.000979
2025-11-14 09:53:28 | INFO | Epoch  12/120 | 耗时: 10秒 | ETA: 19.6分钟
2025-11-14 09:53:28 | INFO |    训练 - Loss: 0.5222 | Acc: 73.92% | Prec: 0.750 | Rec: 0.717 | F1: 0.733
2025-11-14 09:53:28 | INFO |    验证 - Loss: 0.6014 | Acc: 68.70% | Prec: 0.637 | Rec: 0.868 | F1: 0.735 
2025-11-14 09:53:28 | INFO |    学习率: 0.000979 -> 0.000976
2025-11-14 09:53:38 | INFO | Epoch  13/120 | 耗时: 10秒 | ETA: 19.3分钟
2025-11-14 09:53:38 | INFO |    训练 - Loss: 0.5138 | Acc: 74.80% | Prec: 0.758 | Rec: 0.729 | F1: 0.743
2025-11-14 09:53:38 | INFO |    验证 - Loss: 0.6528 | Acc: 66.00% | Prec: 0.602 | Rec: 0.942 | F1: 0.735 
2025-11-14 09:53:38 | INFO |    学习率: 0.000976 -> 0.000971
2025-11-14 09:53:49 | INFO | Epoch  14/120 | 耗时: 10秒 | ETA: 19.1分钟
2025-11-14 09:53:49 | INFO |    训练 - Loss: 0.5030 | Acc: 75.87% | Prec: 0.764 | Rec: 0.749 | F1: 0.756
2025-11-14 09:53:49 | INFO |    验证 - Loss: 0.5253 | Acc: 72.60% | Prec: 0.730 | Rec: 0.718 | F1: 0.724 
2025-11-14 09:53:49 | INFO |    学习率: 0.000971 -> 0.000967
2025-11-14 09:54:00 | INFO | Epoch  15/120 | 耗时: 11秒 | ETA: 18.9分钟
2025-11-14 09:54:00 | INFO |    训练 - Loss: 0.4914 | Acc: 76.58% | Prec: 0.776 | Rec: 0.748 | F1: 0.762
2025-11-14 09:54:00 | INFO |    验证 - Loss: 0.5484 | Acc: 73.10% | Prec: 0.681 | Rec: 0.868 | F1: 0.763 [最佳]
2025-11-14 09:54:00 | INFO |    学习率: 0.000967 -> 0.000962
2025-11-14 09:54:10 | INFO | Epoch  16/120 | 耗时: 10秒 | ETA: 18.7分钟
2025-11-14 09:54:10 | INFO |    训练 - Loss: 0.4902 | Acc: 76.65% | Prec: 0.777 | Rec: 0.745 | F1: 0.761
2025-11-14 09:54:10 | INFO |    验证 - Loss: 0.6815 | Acc: 66.50% | Prec: 0.610 | Rec: 0.916 | F1: 0.732 
2025-11-14 09:54:10 | INFO |    学习率: 0.000962 -> 0.000957
2025-11-14 09:54:21 | INFO | Epoch  17/120 | 耗时: 10秒 | ETA: 18.5分钟
2025-11-14 09:54:21 | INFO |    训练 - Loss: 0.4863 | Acc: 76.18% | Prec: 0.773 | Rec: 0.743 | F1: 0.758
2025-11-14 09:54:21 | INFO |    验证 - Loss: 0.6114 | Acc: 68.80% | Prec: 0.636 | Rec: 0.878 | F1: 0.738 
2025-11-14 09:54:21 | INFO |    学习率: 0.000957 -> 0.000951
2025-11-14 09:54:31 | INFO | Epoch  18/120 | 耗时: 10秒 | ETA: 18.3分钟
2025-11-14 09:54:31 | INFO |    训练 - Loss: 0.4652 | Acc: 78.15% | Prec: 0.788 | Rec: 0.769 | F1: 0.778
2025-11-14 09:54:31 | INFO |    验证 - Loss: 0.6693 | Acc: 69.90% | Prec: 0.780 | Rec: 0.554 | F1: 0.648 
2025-11-14 09:54:31 | INFO |    学习率: 0.000951 -> 0.000946
2025-11-14 09:54:42 | INFO | Epoch  19/120 | 耗时: 11秒 | ETA: 18.1分钟
2025-11-14 09:54:42 | INFO |    训练 - Loss: 0.4746 | Acc: 77.41% | Prec: 0.787 | Rec: 0.753 | F1: 0.770
2025-11-14 09:54:42 | INFO |    验证 - Loss: 0.5583 | Acc: 73.50% | Prec: 0.698 | Rec: 0.828 | F1: 0.758 [最佳]
2025-11-14 09:54:42 | INFO |    学习率: 0.000946 -> 0.000939
2025-11-14 09:54:55 | INFO | Epoch  20/120 | 耗时: 12秒 | ETA: 18.1分钟
2025-11-14 09:54:55 | INFO |    训练 - Loss: 0.4586 | Acc: 78.31% | Prec: 0.791 | Rec: 0.770 | F1: 0.780
2025-11-14 09:54:55 | INFO |    验证 - Loss: 0.5193 | Acc: 74.60% | Prec: 0.827 | Rec: 0.622 | F1: 0.710 [最佳]
2025-11-14 09:54:55 | INFO |    学习率: 0.000939 -> 0.000933
2025-11-14 09:55:05 | INFO | Epoch  21/120 | 耗时: 10秒 | ETA: 17.9分钟
2025-11-14 09:55:05 | INFO |    训练 - Loss: 0.4450 | Acc: 79.47% | Prec: 0.808 | Rec: 0.774 | F1: 0.790
2025-11-14 09:55:05 | INFO |    验证 - Loss: 0.5101 | Acc: 77.10% | Prec: 0.756 | Rec: 0.800 | F1: 0.777 [最佳]
2025-11-14 09:55:05 | INFO |    学习率: 0.000933 -> 0.000926
2025-11-14 09:55:15 | INFO | Epoch  22/120 | 耗时: 10秒 | ETA: 17.7分钟
2025-11-14 09:55:15 | INFO |    训练 - Loss: 0.4317 | Acc: 80.30% | Prec: 0.805 | Rec: 0.798 | F1: 0.801
2025-11-14 09:55:15 | INFO |    验证 - Loss: 0.4862 | Acc: 75.80% | Prec: 0.804 | Rec: 0.682 | F1: 0.738 
2025-11-14 09:55:15 | INFO |    学习率: 0.000926 -> 0.000919
2025-11-14 09:55:26 | INFO | Epoch  23/120 | 耗时: 11秒 | ETA: 17.5分钟
2025-11-14 09:55:26 | INFO |    训练 - Loss: 0.4198 | Acc: 81.11% | Prec: 0.816 | Rec: 0.804 | F1: 0.810
2025-11-14 09:55:26 | INFO |    验证 - Loss: 0.5449 | Acc: 74.20% | Prec: 0.676 | Rec: 0.930 | F1: 0.783 
2025-11-14 09:55:26 | INFO |    学习率: 0.000919 -> 0.000912
2025-11-14 09:55:37 | INFO | Epoch  24/120 | 耗时: 10秒 | ETA: 17.3分钟
2025-11-14 09:55:37 | INFO |    训练 - Loss: 0.4158 | Acc: 81.21% | Prec: 0.819 | Rec: 0.803 | F1: 0.810
2025-11-14 09:55:37 | INFO |    验证 - Loss: 0.5110 | Acc: 77.10% | Prec: 0.717 | Rec: 0.896 | F1: 0.796 
2025-11-14 09:55:37 | INFO |    学习率: 0.000912 -> 0.000905
2025-11-14 09:55:47 | INFO | Epoch  25/120 | 耗时: 10秒 | ETA: 17.1分钟
2025-11-14 09:55:47 | INFO |    训练 - Loss: 0.4017 | Acc: 81.89% | Prec: 0.826 | Rec: 0.809 | F1: 0.818
2025-11-14 09:55:47 | INFO |    验证 - Loss: 0.4713 | Acc: 79.30% | Prec: 0.760 | Rec: 0.856 | F1: 0.805 [最佳]
2025-11-14 09:55:47 | INFO |    学习率: 0.000905 -> 0.000897
2025-11-14 09:55:57 | INFO | Epoch  26/120 | 耗时: 10秒 | ETA: 16.9分钟
2025-11-14 09:55:57 | INFO |    训练 - Loss: 0.3944 | Acc: 82.15% | Prec: 0.828 | Rec: 0.811 | F1: 0.819
2025-11-14 09:55:57 | INFO |    验证 - Loss: 0.5025 | Acc: 77.80% | Prec: 0.761 | Rec: 0.810 | F1: 0.785 
2025-11-14 09:55:57 | INFO |    学习率: 0.000897 -> 0.000889
2025-11-14 09:56:08 | INFO | Epoch  27/120 | 耗时: 10秒 | ETA: 16.7分钟
2025-11-14 09:56:08 | INFO |    训练 - Loss: 0.3895 | Acc: 82.76% | Prec: 0.834 | Rec: 0.818 | F1: 0.826
2025-11-14 09:56:08 | INFO |    验证 - Loss: 0.4707 | Acc: 79.40% | Prec: 0.760 | Rec: 0.860 | F1: 0.807 [最佳]
2025-11-14 09:56:08 | INFO |    学习率: 0.000889 -> 0.000880
2025-11-14 09:56:19 | INFO | Epoch  28/120 | 耗时: 10秒 | ETA: 16.5分钟
2025-11-14 09:56:19 | INFO |    训练 - Loss: 0.3784 | Acc: 83.41% | Prec: 0.840 | Rec: 0.825 | F1: 0.832
2025-11-14 09:56:19 | INFO |    验证 - Loss: 0.4643 | Acc: 77.60% | Prec: 0.835 | Rec: 0.688 | F1: 0.754 
2025-11-14 09:56:19 | INFO |    学习率: 0.000880 -> 0.000872
2025-11-14 09:56:29 | INFO | Epoch  29/120 | 耗时: 10秒 | ETA: 16.3分钟
2025-11-14 09:56:29 | INFO |    训练 - Loss: 0.3776 | Acc: 83.16% | Prec: 0.837 | Rec: 0.822 | F1: 0.830
2025-11-14 09:56:29 | INFO |    验证 - Loss: 0.5178 | Acc: 73.10% | Prec: 0.943 | Rec: 0.492 | F1: 0.647 
2025-11-14 09:56:29 | INFO |    学习率: 0.000872 -> 0.000863
2025-11-14 09:56:41 | INFO | Epoch  30/120 | 耗时: 11秒 | ETA: 16.2分钟
2025-11-14 09:56:41 | INFO |    训练 - Loss: 0.3705 | Acc: 84.02% | Prec: 0.847 | Rec: 0.829 | F1: 0.838
2025-11-14 09:56:41 | INFO |    验证 - Loss: 0.5054 | Acc: 78.00% | Prec: 0.838 | Rec: 0.694 | F1: 0.759 
2025-11-14 09:56:41 | INFO |    学习率: 0.000863 -> 0.000854
2025-11-14 09:56:51 | INFO | Epoch  31/120 | 耗时: 10秒 | ETA: 16.0分钟
2025-11-14 09:56:51 | INFO |    训练 - Loss: 0.3445 | Acc: 85.21% | Prec: 0.856 | Rec: 0.847 | F1: 0.851
2025-11-14 09:56:51 | INFO |    验证 - Loss: 0.4712 | Acc: 79.80% | Prec: 0.851 | Rec: 0.722 | F1: 0.781 [最佳]
2025-11-14 09:56:51 | INFO |    学习率: 0.000854 -> 0.000844
2025-11-14 09:57:02 | INFO | Epoch  32/120 | 耗时: 10秒 | ETA: 15.8分钟
2025-11-14 09:57:02 | INFO |    训练 - Loss: 0.3332 | Acc: 85.66% | Prec: 0.858 | Rec: 0.854 | F1: 0.856
2025-11-14 09:57:02 | INFO |    验证 - Loss: 0.4738 | Acc: 82.10% | Prec: 0.887 | Rec: 0.736 | F1: 0.804 [最佳]
2025-11-14 09:57:02 | INFO |    学习率: 0.000844 -> 0.000835
2025-11-14 09:57:12 | INFO | Epoch  33/120 | 耗时: 10秒 | ETA: 15.6分钟
2025-11-14 09:57:12 | INFO |    训练 - Loss: 0.3182 | Acc: 86.76% | Prec: 0.870 | Rec: 0.864 | F1: 0.867
2025-11-14 09:57:12 | INFO |    验证 - Loss: 0.4803 | Acc: 79.60% | Prec: 0.768 | Rec: 0.848 | F1: 0.806 
2025-11-14 09:57:12 | INFO |    学习率: 0.000835 -> 0.000825
2025-11-14 09:57:22 | INFO | Epoch  34/120 | 耗时: 10秒 | ETA: 15.4分钟
2025-11-14 09:57:22 | INFO |    训练 - Loss: 0.3038 | Acc: 87.37% | Prec: 0.875 | Rec: 0.871 | F1: 0.873
2025-11-14 09:57:22 | INFO |    验证 - Loss: 0.4020 | Acc: 82.80% | Prec: 0.829 | Rec: 0.826 | F1: 0.828 [最佳]
2025-11-14 09:57:22 | INFO |    学习率: 0.000825 -> 0.000815
2025-11-14 09:57:33 | INFO | Epoch  35/120 | 耗时: 10秒 | ETA: 15.2分钟
2025-11-14 09:57:33 | INFO |    训练 - Loss: 0.3051 | Acc: 87.07% | Prec: 0.867 | Rec: 0.876 | F1: 0.871
2025-11-14 09:57:33 | INFO |    验证 - Loss: 0.4812 | Acc: 79.10% | Prec: 0.919 | Rec: 0.638 | F1: 0.753 
2025-11-14 09:57:33 | INFO |    学习率: 0.000815 -> 0.000804
2025-11-14 09:57:44 | INFO | Epoch  36/120 | 耗时: 10秒 | ETA: 15.0分钟
2025-11-14 09:57:44 | INFO |    训练 - Loss: 0.3036 | Acc: 87.12% | Prec: 0.875 | Rec: 0.866 | F1: 0.870
2025-11-14 09:57:44 | INFO |    验证 - Loss: 0.4296 | Acc: 81.30% | Prec: 0.761 | Rec: 0.912 | F1: 0.830 
2025-11-14 09:57:44 | INFO |    学习率: 0.000804 -> 0.000794
2025-11-14 09:57:55 | INFO | Epoch  37/120 | 耗时: 10秒 | ETA: 14.8分钟
2025-11-14 09:57:55 | INFO |    训练 - Loss: 0.2806 | Acc: 87.90% | Prec: 0.883 | Rec: 0.875 | F1: 0.879
2025-11-14 09:57:55 | INFO |    验证 - Loss: 0.3949 | Acc: 82.50% | Prec: 0.877 | Rec: 0.756 | F1: 0.812 
2025-11-14 09:57:55 | INFO |    学习率: 0.000794 -> 0.000783
2025-11-14 09:58:05 | INFO | Epoch  38/120 | 耗时: 10秒 | ETA: 14.7分钟
2025-11-14 09:58:05 | INFO |    训练 - Loss: 0.2748 | Acc: 88.79% | Prec: 0.891 | Rec: 0.884 | F1: 0.887
2025-11-14 09:58:05 | INFO |    验证 - Loss: 0.3847 | Acc: 83.60% | Prec: 0.783 | Rec: 0.930 | F1: 0.850 [最佳]
2025-11-14 09:58:05 | INFO |    学习率: 0.000783 -> 0.000772
2025-11-14 09:58:15 | INFO | Epoch  39/120 | 耗时: 10秒 | ETA: 14.5分钟
2025-11-14 09:58:15 | INFO |    训练 - Loss: 0.2676 | Acc: 88.53% | Prec: 0.889 | Rec: 0.882 | F1: 0.885
2025-11-14 09:58:15 | INFO |    验证 - Loss: 0.4180 | Acc: 83.60% | Prec: 0.836 | Rec: 0.836 | F1: 0.836 
2025-11-14 09:58:15 | INFO |    学习率: 0.000772 -> 0.000761
2025-11-14 09:58:27 | INFO | Epoch  40/120 | 耗时: 11秒 | ETA: 14.3分钟
2025-11-14 09:58:27 | INFO |    训练 - Loss: 0.2580 | Acc: 89.62% | Prec: 0.893 | Rec: 0.900 | F1: 0.897
2025-11-14 09:58:27 | INFO |    验证 - Loss: 0.3317 | Acc: 86.10% | Prec: 0.882 | Rec: 0.834 | F1: 0.857 [最佳]
2025-11-14 09:58:27 | INFO |    学习率: 0.000761 -> 0.000750
2025-11-14 09:58:38 | INFO | Epoch  41/120 | 耗时: 11秒 | ETA: 14.2分钟
2025-11-14 09:58:38 | INFO |    训练 - Loss: 0.2484 | Acc: 89.97% | Prec: 0.896 | Rec: 0.905 | F1: 0.900
2025-11-14 09:58:38 | INFO |    验证 - Loss: 0.4577 | Acc: 80.80% | Prec: 0.914 | Rec: 0.680 | F1: 0.780 
2025-11-14 09:58:38 | INFO |    学习率: 0.000750 -> 0.000739
2025-11-14 09:58:49 | INFO | Epoch  42/120 | 耗时: 11秒 | ETA: 14.0分钟
2025-11-14 09:58:49 | INFO |    训练 - Loss: 0.2382 | Acc: 89.99% | Prec: 0.905 | Rec: 0.894 | F1: 0.899
2025-11-14 09:58:49 | INFO |    验证 - Loss: 0.3160 | Acc: 86.00% | Prec: 0.867 | Rec: 0.850 | F1: 0.859 
2025-11-14 09:58:49 | INFO |    学习率: 0.000739 -> 0.000727
2025-11-14 09:59:00 | INFO | Epoch  43/120 | 耗时: 11秒 | ETA: 13.8分钟
2025-11-14 09:59:00 | INFO |    训练 - Loss: 0.2548 | Acc: 89.10% | Prec: 0.895 | Rec: 0.886 | F1: 0.891
2025-11-14 09:59:00 | INFO |    验证 - Loss: 0.6794 | Acc: 71.70% | Prec: 0.639 | Rec: 0.996 | F1: 0.779 
2025-11-14 09:59:00 | INFO |    学习率: 0.000727 -> 0.000715
2025-11-14 09:59:11 | INFO | Epoch  44/120 | 耗时: 11秒 | ETA: 13.6分钟
2025-11-14 09:59:11 | INFO |    训练 - Loss: 0.2466 | Acc: 90.16% | Prec: 0.899 | Rec: 0.905 | F1: 0.902
2025-11-14 09:59:11 | INFO |    验证 - Loss: 0.3768 | Acc: 83.70% | Prec: 0.929 | Rec: 0.730 | F1: 0.817 
2025-11-14 09:59:11 | INFO |    学习率: 0.000715 -> 0.000703
2025-11-14 09:59:22 | INFO | Epoch  45/120 | 耗时: 10秒 | ETA: 13.5分钟
2025-11-14 09:59:22 | INFO |    训练 - Loss: 0.2275 | Acc: 91.00% | Prec: 0.906 | Rec: 0.915 | F1: 0.910
2025-11-14 09:59:22 | INFO |    验证 - Loss: 0.3872 | Acc: 84.10% | Prec: 0.927 | Rec: 0.740 | F1: 0.823 
2025-11-14 09:59:22 | INFO |    学习率: 0.000703 -> 0.000691
2025-11-14 09:59:32 | INFO | Epoch  46/120 | 耗时: 10秒 | ETA: 13.3分钟
2025-11-14 09:59:32 | INFO |    训练 - Loss: 0.2226 | Acc: 91.35% | Prec: 0.912 | Rec: 0.916 | F1: 0.914
2025-11-14 09:59:32 | INFO |    验证 - Loss: 0.2978 | Acc: 87.70% | Prec: 0.887 | Rec: 0.864 | F1: 0.875 [最佳]
2025-11-14 09:59:32 | INFO |    学习率: 0.000691 -> 0.000679
2025-11-14 09:59:42 | INFO | Epoch  47/120 | 耗时: 10秒 | ETA: 13.1分钟
2025-11-14 09:59:42 | INFO |    训练 - Loss: 0.2280 | Acc: 90.94% | Prec: 0.906 | Rec: 0.913 | F1: 0.910
2025-11-14 09:59:42 | INFO |    验证 - Loss: 0.6949 | Acc: 77.10% | Prec: 0.947 | Rec: 0.574 | F1: 0.715 
2025-11-14 09:59:42 | INFO |    学习率: 0.000679 -> 0.000667
2025-11-14 09:59:53 | INFO | Epoch  48/120 | 耗时: 10秒 | ETA: 12.9分钟
2025-11-14 09:59:53 | INFO |    训练 - Loss: 0.2131 | Acc: 91.76% | Prec: 0.920 | Rec: 0.914 | F1: 0.917
2025-11-14 09:59:53 | INFO |    验证 - Loss: 0.2965 | Acc: 87.30% | Prec: 0.858 | Rec: 0.894 | F1: 0.876 
2025-11-14 09:59:53 | INFO |    学习率: 0.000667 -> 0.000655
2025-11-14 10:00:03 | INFO | Epoch  49/120 | 耗时: 10秒 | ETA: 12.7分钟
2025-11-14 10:00:03 | INFO |    训练 - Loss: 0.2214 | Acc: 90.82% | Prec: 0.908 | Rec: 0.908 | F1: 0.908
2025-11-14 10:00:03 | INFO |    验证 - Loss: 0.4156 | Acc: 83.30% | Prec: 0.928 | Rec: 0.722 | F1: 0.812 
2025-11-14 10:00:03 | INFO |    学习率: 0.000655 -> 0.000642
2025-11-14 10:00:15 | INFO | Epoch  50/120 | 耗时: 12秒 | ETA: 12.5分钟
2025-11-14 10:00:15 | INFO |    训练 - Loss: 0.2066 | Acc: 91.77% | Prec: 0.920 | Rec: 0.915 | F1: 0.918
2025-11-14 10:00:15 | INFO |    验证 - Loss: 0.3831 | Acc: 84.60% | Prec: 0.777 | Rec: 0.970 | F1: 0.863 
2025-11-14 10:00:15 | INFO |    学习率: 0.000642 -> 0.000629
2025-11-14 10:00:25 | INFO | Epoch  51/120 | 耗时: 10秒 | ETA: 12.4分钟
2025-11-14 10:00:25 | INFO |    训练 - Loss: 0.1989 | Acc: 92.37% | Prec: 0.927 | Rec: 0.920 | F1: 0.924
2025-11-14 10:00:25 | INFO |    验证 - Loss: 0.3301 | Acc: 87.80% | Prec: 0.821 | Rec: 0.966 | F1: 0.888 [最佳]
2025-11-14 10:00:25 | INFO |    学习率: 0.000629 -> 0.000617
2025-11-14 10:00:37 | INFO | Epoch  52/120 | 耗时: 11秒 | ETA: 12.2分钟
2025-11-14 10:00:37 | INFO |    训练 - Loss: 0.1881 | Acc: 92.67% | Prec: 0.927 | Rec: 0.927 | F1: 0.927
2025-11-14 10:00:37 | INFO |    验证 - Loss: 0.3816 | Acc: 85.60% | Prec: 0.792 | Rec: 0.966 | F1: 0.870 
2025-11-14 10:00:37 | INFO |    学习率: 0.000617 -> 0.000604
2025-11-14 10:00:47 | INFO | Epoch  53/120 | 耗时: 10秒 | ETA: 12.0分钟
2025-11-14 10:00:47 | INFO |    训练 - Loss: 0.1928 | Acc: 91.95% | Prec: 0.916 | Rec: 0.925 | F1: 0.920
2025-11-14 10:00:47 | INFO |    验证 - Loss: 0.3475 | Acc: 85.70% | Prec: 0.794 | Rec: 0.964 | F1: 0.871 
2025-11-14 10:00:47 | INFO |    学习率: 0.000604 -> 0.000591
2025-11-14 10:00:57 | INFO | Epoch  54/120 | 耗时: 10秒 | ETA: 11.8分钟
2025-11-14 10:00:57 | INFO |    训练 - Loss: 0.1807 | Acc: 92.88% | Prec: 0.926 | Rec: 0.931 | F1: 0.929
2025-11-14 10:00:57 | INFO |    验证 - Loss: 0.3086 | Acc: 88.30% | Prec: 0.832 | Rec: 0.960 | F1: 0.891 [最佳]
2025-11-14 10:00:57 | INFO |    学习率: 0.000591 -> 0.000578
2025-11-14 10:01:08 | INFO | Epoch  55/120 | 耗时: 10秒 | ETA: 11.6分钟
2025-11-14 10:01:08 | INFO |    训练 - Loss: 0.1845 | Acc: 92.83% | Prec: 0.926 | Rec: 0.931 | F1: 0.928
2025-11-14 10:01:08 | INFO |    验证 - Loss: 0.3291 | Acc: 86.30% | Prec: 0.798 | Rec: 0.972 | F1: 0.876 
2025-11-14 10:01:08 | INFO |    学习率: 0.000578 -> 0.000565
2025-11-14 10:01:18 | INFO | Epoch  56/120 | 耗时: 10秒 | ETA: 11.4分钟
2025-11-14 10:01:18 | INFO |    训练 - Loss: 0.1776 | Acc: 92.89% | Prec: 0.931 | Rec: 0.926 | F1: 0.928
2025-11-14 10:01:18 | INFO |    验证 - Loss: 0.2746 | Acc: 88.20% | Prec: 0.917 | Rec: 0.840 | F1: 0.877 
2025-11-14 10:01:18 | INFO |    学习率: 0.000565 -> 0.000552
2025-11-14 10:01:28 | INFO | Epoch  57/120 | 耗时: 10秒 | ETA: 11.3分钟
2025-11-14 10:01:28 | INFO |    训练 - Loss: 0.1771 | Acc: 92.86% | Prec: 0.925 | Rec: 0.933 | F1: 0.929
2025-11-14 10:01:28 | INFO |    验证 - Loss: 0.4291 | Acc: 81.00% | Prec: 0.945 | Rec: 0.658 | F1: 0.776 
2025-11-14 10:01:28 | INFO |    学习率: 0.000552 -> 0.000539
2025-11-14 10:01:39 | INFO | Epoch  58/120 | 耗时: 10秒 | ETA: 11.1分钟
2025-11-14 10:01:39 | INFO |    训练 - Loss: 0.1804 | Acc: 92.71% | Prec: 0.928 | Rec: 0.926 | F1: 0.927
2025-11-14 10:01:39 | INFO |    验证 - Loss: 0.2484 | Acc: 89.60% | Prec: 0.879 | Rec: 0.918 | F1: 0.898 [最佳]
2025-11-14 10:01:39 | INFO |    学习率: 0.000539 -> 0.000526
2025-11-14 10:01:49 | INFO | Epoch  59/120 | 耗时: 10秒 | ETA: 10.9分钟
2025-11-14 10:01:49 | INFO |    训练 - Loss: 0.1669 | Acc: 93.66% | Prec: 0.939 | Rec: 0.935 | F1: 0.937
2025-11-14 10:01:49 | INFO |    验证 - Loss: 0.2850 | Acc: 88.80% | Prec: 0.867 | Rec: 0.916 | F1: 0.891 
2025-11-14 10:01:49 | INFO |    学习率: 0.000526 -> 0.000513
2025-11-14 10:02:01 | INFO | Epoch  60/120 | 耗时: 12秒 | ETA: 10.7分钟
2025-11-14 10:02:01 | INFO |    训练 - Loss: 0.1614 | Acc: 93.82% | Prec: 0.936 | Rec: 0.941 | F1: 0.938
2025-11-14 10:02:01 | INFO |    验证 - Loss: 0.3113 | Acc: 87.40% | Prec: 0.811 | Rec: 0.976 | F1: 0.886 
2025-11-14 10:02:01 | INFO |    学习率: 0.000513 -> 0.000500
2025-11-14 10:02:13 | INFO | Epoch  61/120 | 耗时: 11秒 | ETA: 10.6分钟
2025-11-14 10:02:13 | INFO |    训练 - Loss: 0.1582 | Acc: 93.88% | Prec: 0.939 | Rec: 0.939 | F1: 0.939
2025-11-14 10:02:13 | INFO |    验证 - Loss: 0.2463 | Acc: 89.40% | Prec: 0.865 | Rec: 0.934 | F1: 0.898 
2025-11-14 10:02:13 | INFO |    学习率: 0.000500 -> 0.000487
2025-11-14 10:02:23 | INFO | Epoch  62/120 | 耗时: 10秒 | ETA: 10.4分钟
2025-11-14 10:02:23 | INFO |    训练 - Loss: 0.1565 | Acc: 94.09% | Prec: 0.939 | Rec: 0.943 | F1: 0.941
2025-11-14 10:02:23 | INFO |    验证 - Loss: 0.2740 | Acc: 89.10% | Prec: 0.844 | Rec: 0.960 | F1: 0.898 
2025-11-14 10:02:23 | INFO |    学习率: 0.000487 -> 0.000474
2025-11-14 10:02:34 | INFO | Epoch  63/120 | 耗时: 10秒 | ETA: 10.2分钟
2025-11-14 10:02:34 | INFO |    训练 - Loss: 0.1511 | Acc: 94.02% | Prec: 0.941 | Rec: 0.940 | F1: 0.941
2025-11-14 10:02:34 | INFO |    验证 - Loss: 0.2413 | Acc: 89.10% | Prec: 0.874 | Rec: 0.914 | F1: 0.893 
2025-11-14 10:02:34 | INFO |    学习率: 0.000474 -> 0.000461
2025-11-14 10:02:44 | INFO | Epoch  64/120 | 耗时: 10秒 | ETA: 10.0分钟
2025-11-14 10:02:44 | INFO |    训练 - Loss: 0.1547 | Acc: 93.96% | Prec: 0.940 | Rec: 0.939 | F1: 0.939
2025-11-14 10:02:44 | INFO |    验证 - Loss: 0.2653 | Acc: 88.00% | Prec: 0.870 | Rec: 0.894 | F1: 0.882 
2025-11-14 10:02:44 | INFO |    学习率: 0.000461 -> 0.000448
2025-11-14 10:02:55 | INFO | Epoch  65/120 | 耗时: 10秒 | ETA: 9.8分钟
2025-11-14 10:02:55 | INFO |    训练 - Loss: 0.1525 | Acc: 94.39% | Prec: 0.941 | Rec: 0.947 | F1: 0.944
2025-11-14 10:02:55 | INFO |    验证 - Loss: 0.2465 | Acc: 90.50% | Prec: 0.896 | Rec: 0.916 | F1: 0.906 [最佳]
2025-11-14 10:02:55 | INFO |    学习率: 0.000448 -> 0.000435
2025-11-14 10:03:05 | INFO | Epoch  66/120 | 耗时: 10秒 | ETA: 9.6分钟
2025-11-14 10:03:05 | INFO |    训练 - Loss: 0.1549 | Acc: 94.18% | Prec: 0.946 | Rec: 0.938 | F1: 0.942
2025-11-14 10:03:05 | INFO |    验证 - Loss: 0.2954 | Acc: 90.00% | Prec: 0.891 | Rec: 0.912 | F1: 0.901 
2025-11-14 10:03:05 | INFO |    学习率: 0.000435 -> 0.000422
2025-11-14 10:03:15 | INFO | Epoch  67/120 | 耗时: 10秒 | ETA: 9.5分钟
2025-11-14 10:03:15 | INFO |    训练 - Loss: 0.1459 | Acc: 94.23% | Prec: 0.938 | Rec: 0.947 | F1: 0.943
2025-11-14 10:03:15 | INFO |    验证 - Loss: 0.3707 | Acc: 84.90% | Prec: 0.953 | Rec: 0.734 | F1: 0.829 
2025-11-14 10:03:15 | INFO |    学习率: 0.000422 -> 0.000409
2025-11-14 10:03:26 | INFO | Epoch  68/120 | 耗时: 10秒 | ETA: 9.3分钟
2025-11-14 10:03:26 | INFO |    训练 - Loss: 0.1461 | Acc: 94.51% | Prec: 0.950 | Rec: 0.940 | F1: 0.945
2025-11-14 10:03:26 | INFO |    验证 - Loss: 0.4058 | Acc: 86.70% | Prec: 0.797 | Rec: 0.984 | F1: 0.881 
2025-11-14 10:03:26 | INFO |    学习率: 0.000409 -> 0.000396
2025-11-14 10:03:36 | INFO | Epoch  69/120 | 耗时: 10秒 | ETA: 9.1分钟
2025-11-14 10:03:36 | INFO |    训练 - Loss: 0.1472 | Acc: 94.19% | Prec: 0.937 | Rec: 0.948 | F1: 0.942
2025-11-14 10:03:36 | INFO |    验证 - Loss: 0.2587 | Acc: 89.40% | Prec: 0.900 | Rec: 0.886 | F1: 0.893 
2025-11-14 10:03:36 | INFO |    学习率: 0.000396 -> 0.000383
2025-11-14 10:03:49 | INFO | Epoch  70/120 | 耗时: 12秒 | ETA: 8.9分钟
2025-11-14 10:03:49 | INFO |    训练 - Loss: 0.1407 | Acc: 94.64% | Prec: 0.949 | Rec: 0.943 | F1: 0.946
2025-11-14 10:03:49 | INFO |    验证 - Loss: 0.2849 | Acc: 88.50% | Prec: 0.943 | Rec: 0.820 | F1: 0.877 
2025-11-14 10:03:49 | INFO |    学习率: 0.000383 -> 0.000371
2025-11-14 10:03:59 | INFO | Epoch  71/120 | 耗时: 10秒 | ETA: 8.8分钟
2025-11-14 10:03:59 | INFO |    训练 - Loss: 0.1418 | Acc: 94.73% | Prec: 0.948 | Rec: 0.946 | F1: 0.947
2025-11-14 10:03:59 | INFO |    验证 - Loss: 0.2977 | Acc: 88.40% | Prec: 0.872 | Rec: 0.900 | F1: 0.886 
2025-11-14 10:03:59 | INFO |    学习率: 0.000371 -> 0.000358
2025-11-14 10:04:09 | INFO | Epoch  72/120 | 耗时: 10秒 | ETA: 8.6分钟
2025-11-14 10:04:09 | INFO |    训练 - Loss: 0.1398 | Acc: 94.56% | Prec: 0.944 | Rec: 0.948 | F1: 0.946
2025-11-14 10:04:09 | INFO |    验证 - Loss: 0.2488 | Acc: 89.20% | Prec: 0.877 | Rec: 0.912 | F1: 0.894 
2025-11-14 10:04:09 | INFO |    学习率: 0.000358 -> 0.000345
2025-11-14 10:04:20 | INFO | Epoch  73/120 | 耗时: 10秒 | ETA: 8.4分钟
2025-11-14 10:04:20 | INFO |    训练 - Loss: 0.1287 | Acc: 94.95% | Prec: 0.953 | Rec: 0.946 | F1: 0.949
2025-11-14 10:04:20 | INFO |    验证 - Loss: 0.2344 | Acc: 91.00% | Prec: 0.870 | Rec: 0.964 | F1: 0.915 [最佳]
2025-11-14 10:04:20 | INFO |    学习率: 0.000345 -> 0.000333
2025-11-14 10:04:31 | INFO | Epoch  74/120 | 耗时: 10秒 | ETA: 8.2分钟
2025-11-14 10:04:31 | INFO |    训练 - Loss: 0.1322 | Acc: 95.21% | Prec: 0.948 | Rec: 0.956 | F1: 0.952
2025-11-14 10:04:31 | INFO |    验证 - Loss: 0.2602 | Acc: 88.90% | Prec: 0.838 | Rec: 0.964 | F1: 0.897 
2025-11-14 10:04:31 | INFO |    学习率: 0.000333 -> 0.000321
2025-11-14 10:04:41 | INFO | Epoch  75/120 | 耗时: 10秒 | ETA: 8.0分钟
2025-11-14 10:04:41 | INFO |    训练 - Loss: 0.1292 | Acc: 94.93% | Prec: 0.951 | Rec: 0.948 | F1: 0.949
2025-11-14 10:04:41 | INFO |    验证 - Loss: 0.2285 | Acc: 90.20% | Prec: 0.912 | Rec: 0.890 | F1: 0.901 
2025-11-14 10:04:41 | INFO |    学习率: 0.000321 -> 0.000309
2025-11-14 10:04:51 | INFO | Epoch  76/120 | 耗时: 10秒 | ETA: 7.9分钟
2025-11-14 10:04:51 | INFO |    训练 - Loss: 0.1289 | Acc: 95.07% | Prec: 0.948 | Rec: 0.954 | F1: 0.951
2025-11-14 10:04:51 | INFO |    验证 - Loss: 0.2471 | Acc: 89.80% | Prec: 0.918 | Rec: 0.874 | F1: 0.895 
2025-11-14 10:04:51 | INFO |    学习率: 0.000309 -> 0.000297
2025-11-14 10:05:02 | INFO | Epoch  77/120 | 耗时: 10秒 | ETA: 7.7分钟
2025-11-14 10:05:02 | INFO |    训练 - Loss: 0.1267 | Acc: 95.26% | Prec: 0.954 | Rec: 0.951 | F1: 0.952
2025-11-14 10:05:02 | INFO |    验证 - Loss: 0.2149 | Acc: 90.40% | Prec: 0.896 | Rec: 0.914 | F1: 0.905 
2025-11-14 10:05:02 | INFO |    学习率: 0.000297 -> 0.000285
2025-11-14 10:05:12 | INFO | Epoch  78/120 | 耗时: 10秒 | ETA: 7.5分钟
2025-11-14 10:05:12 | INFO |    训练 - Loss: 0.1226 | Acc: 95.29% | Prec: 0.952 | Rec: 0.954 | F1: 0.953
2025-11-14 10:05:12 | INFO |    验证 - Loss: 0.2402 | Acc: 90.40% | Prec: 0.870 | Rec: 0.950 | F1: 0.908 
2025-11-14 10:05:12 | INFO |    学习率: 0.000285 -> 0.000273
2025-11-14 10:05:23 | INFO | Epoch  79/120 | 耗时: 11秒 | ETA: 7.3分钟
2025-11-14 10:05:23 | INFO |    训练 - Loss: 0.1238 | Acc: 95.43% | Prec: 0.955 | Rec: 0.954 | F1: 0.954
2025-11-14 10:05:23 | INFO |    验证 - Loss: 0.2234 | Acc: 91.50% | Prec: 0.908 | Rec: 0.924 | F1: 0.916 [最佳]
2025-11-14 10:05:23 | INFO |    学习率: 0.000273 -> 0.000261
2025-11-14 10:05:36 | INFO | Epoch  80/120 | 耗时: 12秒 | ETA: 7.2分钟
2025-11-14 10:05:36 | INFO |    训练 - Loss: 0.1252 | Acc: 95.04% | Prec: 0.951 | Rec: 0.949 | F1: 0.950
2025-11-14 10:05:36 | INFO |    验证 - Loss: 0.2402 | Acc: 89.10% | Prec: 0.877 | Rec: 0.910 | F1: 0.893 
2025-11-14 10:05:36 | INFO |    学习率: 0.000261 -> 0.000250
2025-11-14 10:05:46 | INFO | Epoch  81/120 | 耗时: 10秒 | ETA: 7.0分钟
2025-11-14 10:05:46 | INFO |    训练 - Loss: 0.1257 | Acc: 95.27% | Prec: 0.950 | Rec: 0.956 | F1: 0.953
2025-11-14 10:05:46 | INFO |    验证 - Loss: 0.2306 | Acc: 90.30% | Prec: 0.858 | Rec: 0.966 | F1: 0.909 
2025-11-14 10:05:46 | INFO |    学习率: 0.000250 -> 0.000239
2025-11-14 10:05:57 | INFO | Epoch  82/120 | 耗时: 10秒 | ETA: 6.8分钟
2025-11-14 10:05:57 | INFO |    训练 - Loss: 0.1186 | Acc: 95.79% | Prec: 0.957 | Rec: 0.959 | F1: 0.958
2025-11-14 10:05:57 | INFO |    验证 - Loss: 0.2699 | Acc: 89.50% | Prec: 0.840 | Rec: 0.976 | F1: 0.903 
2025-11-14 10:05:57 | INFO |    学习率: 0.000239 -> 0.000228
2025-11-14 10:06:08 | INFO | Epoch  83/120 | 耗时: 11秒 | ETA: 6.6分钟
2025-11-14 10:06:08 | INFO |    训练 - Loss: 0.1157 | Acc: 95.85% | Prec: 0.956 | Rec: 0.961 | F1: 0.958
2025-11-14 10:06:08 | INFO |    验证 - Loss: 0.2669 | Acc: 89.20% | Prec: 0.838 | Rec: 0.972 | F1: 0.900 
2025-11-14 10:06:08 | INFO |    学习率: 0.000228 -> 0.000217
2025-11-14 10:06:18 | INFO | Epoch  84/120 | 耗时: 10秒 | ETA: 6.4分钟
2025-11-14 10:06:18 | INFO |    训练 - Loss: 0.1177 | Acc: 95.56% | Prec: 0.954 | Rec: 0.958 | F1: 0.956
2025-11-14 10:06:18 | INFO |    验证 - Loss: 0.2464 | Acc: 90.00% | Prec: 0.865 | Rec: 0.948 | F1: 0.905 
2025-11-14 10:06:18 | INFO |    学习率: 0.000217 -> 0.000206
2025-11-14 10:06:29 | INFO | Epoch  85/120 | 耗时: 10秒 | ETA: 6.3分钟
2025-11-14 10:06:29 | INFO |    训练 - Loss: 0.1153 | Acc: 95.59% | Prec: 0.958 | Rec: 0.953 | F1: 0.956
2025-11-14 10:06:29 | INFO |    验证 - Loss: 0.2251 | Acc: 90.80% | Prec: 0.883 | Rec: 0.940 | F1: 0.911 
2025-11-14 10:06:29 | INFO |    学习率: 0.000206 -> 0.000196
2025-11-14 10:06:39 | INFO | Epoch  86/120 | 耗时: 10秒 | ETA: 6.1分钟
2025-11-14 10:06:39 | INFO |    训练 - Loss: 0.1110 | Acc: 95.91% | Prec: 0.954 | Rec: 0.965 | F1: 0.959
2025-11-14 10:06:39 | INFO |    验证 - Loss: 0.2557 | Acc: 90.00% | Prec: 0.862 | Rec: 0.952 | F1: 0.905 
2025-11-14 10:06:39 | INFO |    学习率: 0.000196 -> 0.000185
2025-11-14 10:06:50 | INFO | Epoch  87/120 | 耗时: 10秒 | ETA: 5.9分钟
2025-11-14 10:06:50 | INFO |    训练 - Loss: 0.1116 | Acc: 95.81% | Prec: 0.961 | Rec: 0.955 | F1: 0.958
2025-11-14 10:06:50 | INFO |    验证 - Loss: 0.2298 | Acc: 91.00% | Prec: 0.882 | Rec: 0.946 | F1: 0.913 
2025-11-14 10:06:50 | INFO |    学习率: 0.000185 -> 0.000175
2025-11-14 10:07:00 | INFO | Epoch  88/120 | 耗时: 10秒 | ETA: 5.7分钟
2025-11-14 10:07:00 | INFO |    训练 - Loss: 0.1126 | Acc: 95.82% | Prec: 0.955 | Rec: 0.961 | F1: 0.958
2025-11-14 10:07:00 | INFO |    验证 - Loss: 0.2457 | Acc: 90.40% | Prec: 0.909 | Rec: 0.898 | F1: 0.903 
2025-11-14 10:07:00 | INFO |    学习率: 0.000175 -> 0.000165
2025-11-14 10:07:11 | INFO | Epoch  89/120 | 耗时: 10秒 | ETA: 5.5分钟
2025-11-14 10:07:11 | INFO |    训练 - Loss: 0.1168 | Acc: 95.81% | Prec: 0.957 | Rec: 0.959 | F1: 0.958
2025-11-14 10:07:11 | INFO |    验证 - Loss: 0.2283 | Acc: 90.90% | Prec: 0.875 | Rec: 0.954 | F1: 0.913 
2025-11-14 10:07:11 | INFO |    学习率: 0.000165 -> 0.000156
2025-11-14 10:07:11 | INFO | 
触发早停 (连续 10 轮 accuracy 无改善)
2025-11-14 10:07:11 | INFO | 训练完成
2025-11-14 10:07:11 | INFO | 训练总结
2025-11-14 10:07:11 | INFO |   总耗时: 15.9分钟
2025-11-14 10:07:11 | INFO |   平均每轮: 10秒
2025-11-14 10:07:11 | INFO |   完成轮数: 89/120
2025-11-14 10:07:11 | INFO |   最佳验证: Epoch 79 - ACCURACY: 0.9150, Loss: 0.2234, Acc: 91.50%
2025-11-14 10:07:11 | INFO | 
正在测试集上评估最佳模型...
2025-11-14 10:07:11 | INFO |    已加载最佳模型 (Epoch 79)
2025-11-14 10:07:12 | INFO | 测试结果
2025-11-14 10:07:12 | INFO |   测试样本数: 1,000
2025-11-14 10:07:12 | INFO |   测试损失: 0.2134
2025-11-14 10:07:12 | INFO |   测试准确率: 92.60%
2025-11-14 10:07:12 | INFO |   测试精确率: 0.926
2025-11-14 10:07:12 | INFO |   测试召回率: 0.926
2025-11-14 10:07:12 | INFO |   测试F1: 0.926
2025-11-14 10:07:12 | INFO | 
正在生成训练曲线可视化...
2025-11-14 10:07:13 | INFO |    训练曲线已保存到: runs/torch_cnn-v1_20251114-095111/figures
2025-11-14 10:07:13 | INFO | 
所有任务完成!
2025-11-14 10:07:13 | INFO |    最佳模型: runs/torch_cnn-v1_20251114-095111/best.pt
2025-11-14 10:07:13 | INFO |    最后模型: runs/torch_cnn-v1_20251114-095111/last.pt
2025-11-14 10:07:13 | INFO |    TensorBoard: tensorboard --logdir=runs/torch_cnn-v1_20251114-095111/events

2025-11-14 10:07:13 | INFO | 训练完成
2025-11-14 10:07:13 | INFO |   耗时: 16.0分钟
2025-11-14 10:07:13 | INFO |   最佳准确率: 0.9150
2025-11-14 10:07:13 | INFO |   运行目录: runs/torch_cnn-v1_20251114-095111
2025-11-14 10:07:13 | INFO | CNN-V1 训练流程完成
